[ 2016-12-23T09:50:04+08:00 ] ::1 /tourist/
INFO: [ app_init ] --START--
INFO: Run Behavior\BuildLiteBehavior [ RunTime:0.000031s ]
INFO: [ app_init ] --END-- [ RunTime:0.001510s ]
INFO: [ app_begin ] --START--
INFO: Run Behavior\ReadHtmlCacheBehavior [ RunTime:0.001046s ]
INFO: [ app_begin ] --END-- [ RunTime:0.001114s ]
NOTIC: [8] Undefined index: username E:\PHP\xampp\htdocs\Tourist\Home\Controller\IndexController.class.php 第 11 行.
INFO: [ view_parse ] --START--
INFO: [ template_filter ] --START--
INFO: Run Behavior\ContentReplaceBehavior [ RunTime:0.000371s ]
INFO: [ template_filter ] --END-- [ RunTime:0.000462s ]
NOTIC: [8] Undefined index: username E:\PHP\xampp\htdocs\Tourist\Runtime\Cache\Home\441bc9cb2be787a26c3d31aeb0854a01.php 第 46 行.
INFO: Run Behavior\ParseTemplateBehavior [ RunTime:0.034246s ]
INFO: [ view_parse ] --END-- [ RunTime:0.034337s ]
INFO: [ view_filter ] --START--
INFO: Run Behavior\WriteHtmlCacheBehavior [ RunTime:0.000902s ]
INFO: [ view_filter ] --END-- [ RunTime:0.000967s ]
INFO: [ app_end ] --START--
INFO: Run Behavior\ShowPageTraceBehavior [ RunTime:0.003008s ]
INFO: [ app_end ] --END-- [ RunTime:0.003109s ]

[ 2016-12-23T09:50:11+08:00 ] ::1 /tourist/
INFO: [ app_init ] --START--
INFO: Run Behavior\BuildLiteBehavior [ RunTime:0.000020s ]
INFO: [ app_init ] --END-- [ RunTime:0.000867s ]
INFO: [ app_begin ] --START--
INFO: Run Behavior\ReadHtmlCacheBehavior [ RunTime:0.000923s ]
INFO: [ app_begin ] --END-- [ RunTime:0.000988s ]
NOTIC: [8] Undefined index: username E:\PHP\xampp\htdocs\Tourist\Home\Controller\IndexController.class.php 第 11 行.
INFO: [ view_parse ] --START--
INFO: [ template_filter ] --START--
INFO: Run Behavior\ContentReplaceBehavior [ RunTime:0.000146s ]
INFO: [ template_filter ] --END-- [ RunTime:0.000205s ]
NOTIC: [8] Undefined index: username E:\PHP\xampp\htdocs\Tourist\Runtime\Cache\Home\441bc9cb2be787a26c3d31aeb0854a01.php 第 46 行.
INFO: Run Behavior\ParseTemplateBehavior [ RunTime:0.013422s ]
INFO: [ view_parse ] --END-- [ RunTime:0.013559s ]
INFO: [ view_filter ] --START--
INFO: Run Behavior\WriteHtmlCacheBehavior [ RunTime:0.000587s ]
INFO: [ view_filter ] --END-- [ RunTime:0.000638s ]
INFO: [ app_end ] --START--
INFO: Run Behavior\ShowPageTraceBehavior [ RunTime:0.001077s ]
INFO: [ app_end ] --END-- [ RunTime:0.001161s ]

[ 2016-12-23T09:50:33+08:00 ] ::1 /tourist/
INFO: [ app_init ] --START--
INFO: Run Behavior\BuildLiteBehavior [ RunTime:0.000022s ]
INFO: [ app_init ] --END-- [ RunTime:0.000926s ]
INFO: [ app_begin ] --START--
INFO: Run Behavior\ReadHtmlCacheBehavior [ RunTime:0.001666s ]
INFO: [ app_begin ] --END-- [ RunTime:0.001766s ]
NOTIC: [8] Undefined index: username E:\PHP\xampp\htdocs\Tourist\Home\Controller\IndexController.class.php 第 11 行.
INFO: [ view_parse ] --START--
INFO: [ template_filter ] --START--
INFO: Run Behavior\ContentReplaceBehavior [ RunTime:0.000200s ]
INFO: [ template_filter ] --END-- [ RunTime:0.000288s ]
NOTIC: [8] Undefined index: username E:\PHP\xampp\htdocs\Tourist\Runtime\Cache\Home\441bc9cb2be787a26c3d31aeb0854a01.php 第 46 行.
INFO: Run Behavior\ParseTemplateBehavior [ RunTime:0.020170s ]
INFO: [ view_parse ] --END-- [ RunTime:0.020247s ]
INFO: [ view_filter ] --START--
INFO: Run Behavior\WriteHtmlCacheBehavior [ RunTime:0.000937s ]
INFO: [ view_filter ] --END-- [ RunTime:0.001002s ]
INFO: [ app_end ] --START--
INFO: Run Behavior\ShowPageTraceBehavior [ RunTime:0.001337s ]
INFO: [ app_end ] --END-- [ RunTime:0.001414s ]

[ 2016-12-23T09:56:37+08:00 ] ::1 /tourist/
INFO: [ app_init ] --START--
INFO: Run Behavior\BuildLiteBehavior [ RunTime:0.000021s ]
INFO: [ app_init ] --END-- [ RunTime:0.001228s ]
INFO: [ app_begin ] --START--
INFO: Run Behavior\ReadHtmlCacheBehavior [ RunTime:0.001041s ]
INFO: [ app_begin ] --END-- [ RunTime:0.001101s ]
NOTIC: [8] Undefined index: username E:\PHP\xampp\htdocs\Tourist\Home\Controller\IndexController.class.php 第 11 行.
INFO: [ view_parse ] --START--
INFO: [ template_filter ] --START--
INFO: Run Behavior\ContentReplaceBehavior [ RunTime:0.000170s ]
INFO: [ template_filter ] --END-- [ RunTime:0.000350s ]
NOTIC: [8] Undefined index: username E:\PHP\xampp\htdocs\Tourist\Runtime\Cache\Home\441bc9cb2be787a26c3d31aeb0854a01.php 第 46 行.
INFO: Run Behavior\ParseTemplateBehavior [ RunTime:0.019336s ]
INFO: [ view_parse ] --END-- [ RunTime:0.019400s ]
INFO: [ view_filter ] --START--
INFO: Run Behavior\WriteHtmlCacheBehavior [ RunTime:0.000809s ]
INFO: [ view_filter ] --END-- [ RunTime:0.000860s ]
INFO: [ app_end ] --START--
INFO: Run Behavior\ShowPageTraceBehavior [ RunTime:0.001718s ]
INFO: [ app_end ] --END-- [ RunTime:0.002020s ]

[ 2016-12-23T10:09:53+08:00 ] ::1 /tourist/
INFO: [ app_init ] --START--
INFO: Run Behavior\BuildLiteBehavior [ RunTime:0.000029s ]
INFO: [ app_init ] --END-- [ RunTime:0.001636s ]
INFO: [ app_begin ] --START--
INFO: Run Behavior\ReadHtmlCacheBehavior [ RunTime:0.001328s ]
INFO: [ app_begin ] --END-- [ RunTime:0.001432s ]
NOTIC: [8] Undefined index: username E:\PHP\xampp\htdocs\Tourist\Home\Controller\IndexController.class.php 第 11 行.
INFO: [ view_parse ] --START--
INFO: [ template_filter ] --START--
INFO: Run Behavior\ContentReplaceBehavior [ RunTime:0.000206s ]
INFO: [ template_filter ] --END-- [ RunTime:0.000307s ]
NOTIC: [8] Undefined index: username E:\PHP\xampp\htdocs\Tourist\Runtime\Cache\Home\441bc9cb2be787a26c3d31aeb0854a01.php 第 46 行.
INFO: Run Behavior\ParseTemplateBehavior [ RunTime:0.022072s ]
INFO: [ view_parse ] --END-- [ RunTime:0.022362s ]
INFO: [ view_filter ] --START--
INFO: Run Behavior\WriteHtmlCacheBehavior [ RunTime:0.001821s ]
INFO: [ view_filter ] --END-- [ RunTime:0.001930s ]
INFO: [ app_end ] --START--
INFO: Run Behavior\ShowPageTraceBehavior [ RunTime:0.001738s ]
INFO: [ app_end ] --END-- [ RunTime:0.001825s ]

[ 2016-12-23T10:13:06+08:00 ] ::1 /tourist/
INFO: [ app_init ] --START--
INFO: Run Behavior\BuildLiteBehavior [ RunTime:0.000044s ]
INFO: [ app_init ] --END-- [ RunTime:0.001623s ]
INFO: [ app_begin ] --START--
INFO: Run Behavior\ReadHtmlCacheBehavior [ RunTime:0.001689s ]
INFO: [ app_begin ] --END-- [ RunTime:0.001874s ]
NOTIC: [8] Undefined index: username E:\PHP\xampp\htdocs\Tourist\Home\Controller\IndexController.class.php 第 11 行.
INFO: [ view_parse ] --START--
INFO: [ template_filter ] --START--
INFO: Run Behavior\ContentReplaceBehavior [ RunTime:0.000197s ]
INFO: [ template_filter ] --END-- [ RunTime:0.000286s ]
NOTIC: [8] Undefined index: username E:\PHP\xampp\htdocs\Tourist\Runtime\Cache\Home\441bc9cb2be787a26c3d31aeb0854a01.php 第 46 行.
INFO: Run Behavior\ParseTemplateBehavior [ RunTime:0.020933s ]
INFO: [ view_parse ] --END-- [ RunTime:0.021026s ]
INFO: [ view_filter ] --START--
INFO: Run Behavior\WriteHtmlCacheBehavior [ RunTime:0.001546s ]
INFO: [ view_filter ] --END-- [ RunTime:0.001678s ]
INFO: [ app_end ] --START--
INFO: Run Behavior\ShowPageTraceBehavior [ RunTime:0.002398s ]
INFO: [ app_end ] --END-- [ RunTime:0.002526s ]

[ 2016-12-23T10:13:10+08:00 ] ::1 /tourist/
INFO: [ app_init ] --START--
INFO: Run Behavior\BuildLiteBehavior [ RunTime:0.000036s ]
INFO: [ app_init ] --END-- [ RunTime:0.001412s ]
INFO: [ app_begin ] --START--
INFO: Run Behavior\ReadHtmlCacheBehavior [ RunTime:0.001275s ]
INFO: [ app_begin ] --END-- [ RunTime:0.001396s ]
NOTIC: [8] Undefined index: username E:\PHP\xampp\htdocs\Tourist\Home\Controller\IndexController.class.php 第 11 行.
INFO: [ view_parse ] --START--
INFO: [ template_filter ] --START--
INFO: Run Behavior\ContentReplaceBehavior [ RunTime:0.000222s ]
INFO: [ template_filter ] --END-- [ RunTime:0.000360s ]
NOTIC: [8] Undefined index: username E:\PHP\xampp\htdocs\Tourist\Runtime\Cache\Home\441bc9cb2be787a26c3d31aeb0854a01.php 第 46 行.
INFO: Run Behavior\ParseTemplateBehavior [ RunTime:0.021875s ]
INFO: [ view_parse ] --END-- [ RunTime:0.021972s ]
INFO: [ view_filter ] --START--
INFO: Run Behavior\WriteHtmlCacheBehavior [ RunTime:0.001331s ]
INFO: [ view_filter ] --END-- [ RunTime:0.001449s ]
INFO: [ app_end ] --START--
INFO: Run Behavior\ShowPageTraceBehavior [ RunTime:0.001996s ]
INFO: [ app_end ] --END-- [ RunTime:0.002157s ]

[ 2016-12-23T10:14:21+08:00 ] ::1 /tourist/
INFO: [ app_init ] --START--
INFO: Run Behavior\BuildLiteBehavior [ RunTime:0.000034s ]
INFO: [ app_init ] --END-- [ RunTime:0.001907s ]
INFO: [ app_begin ] --START--
INFO: Run Behavior\ReadHtmlCacheBehavior [ RunTime:0.001692s ]
INFO: [ app_begin ] --END-- [ RunTime:0.001846s ]
NOTIC: [8] Undefined index: username E:\PHP\xampp\htdocs\Tourist\Home\Controller\IndexController.class.php 第 11 行.
INFO: [ view_parse ] --START--
INFO: [ template_filter ] --START--
INFO: Run Behavior\ContentReplaceBehavior [ RunTime:0.000199s ]
INFO: [ template_filter ] --END-- [ RunTime:0.000287s ]
NOTIC: [8] Undefined index: username E:\PHP\xampp\htdocs\Tourist\Runtime\Cache\Home\441bc9cb2be787a26c3d31aeb0854a01.php 第 46 行.
INFO: Run Behavior\ParseTemplateBehavior [ RunTime:0.019537s ]
INFO: [ view_parse ] --END-- [ RunTime:0.019616s ]
INFO: [ view_filter ] --START--
INFO: Run Behavior\WriteHtmlCacheBehavior [ RunTime:0.001217s ]
INFO: [ view_filter ] --END-- [ RunTime:0.001323s ]
INFO: [ app_end ] --START--
INFO: Run Behavior\ShowPageTraceBehavior [ RunTime:0.001744s ]
INFO: [ app_end ] --END-- [ RunTime:0.001951s ]

[ 2016-12-23T10:18:10+08:00 ] ::1 /tourist/
INFO: [ app_init ] --START--
INFO: Run Behavior\BuildLiteBehavior [ RunTime:0.000034s ]
INFO: [ app_init ] --END-- [ RunTime:0.001962s ]
INFO: [ app_begin ] --START--
INFO: Run Behavior\ReadHtmlCacheBehavior [ RunTime:0.002353s ]
INFO: [ app_begin ] --END-- [ RunTime:0.002494s ]
NOTIC: [8] Undefined index: username E:\PHP\xampp\htdocs\Tourist\Home\Controller\IndexController.class.php 第 11 行.
INFO: [ view_parse ] --START--
INFO: [ template_filter ] --START--
INFO: Run Behavior\ContentReplaceBehavior [ RunTime:0.000218s ]
INFO: [ template_filter ] --END-- [ RunTime:0.000347s ]
NOTIC: [8] Undefined index: username E:\PHP\xampp\htdocs\Tourist\Runtime\Cache\Home\441bc9cb2be787a26c3d31aeb0854a01.php 第 46 行.
INFO: Run Behavior\ParseTemplateBehavior [ RunTime:0.025485s ]
INFO: [ view_parse ] --END-- [ RunTime:0.025568s ]
INFO: [ view_filter ] --START--
INFO: Run Behavior\WriteHtmlCacheBehavior [ RunTime:0.001267s ]
INFO: [ view_filter ] --END-- [ RunTime:0.001331s ]
INFO: [ app_end ] --START--
INFO: Run Behavior\ShowPageTraceBehavior [ RunTime:0.001426s ]
INFO: [ app_end ] --END-- [ RunTime:0.001497s ]

[ 2016-12-23T10:18:18+08:00 ] ::1 /tourist/
INFO: [ app_init ] --START--
INFO: Run Behavior\BuildLiteBehavior [ RunTime:0.000020s ]
INFO: [ app_init ] --END-- [ RunTime:0.000872s ]
INFO: [ app_begin ] --START--
INFO: Run Behavior\ReadHtmlCacheBehavior [ RunTime:0.001068s ]
INFO: [ app_begin ] --END-- [ RunTime:0.001135s ]
NOTIC: [8] Undefined index: username E:\PHP\xampp\htdocs\Tourist\Home\Controller\IndexController.class.php 第 11 行.
INFO: [ view_parse ] --START--
INFO: [ template_filter ] --START--
INFO: Run Behavior\ContentReplaceBehavior [ RunTime:0.000187s ]
INFO: [ template_filter ] --END-- [ RunTime:0.000282s ]
NOTIC: [8] Undefined index: username E:\PHP\xampp\htdocs\Tourist\Runtime\Cache\Home\441bc9cb2be787a26c3d31aeb0854a01.php 第 46 行.
INFO: Run Behavior\ParseTemplateBehavior [ RunTime:0.021262s ]
INFO: [ view_parse ] --END-- [ RunTime:0.021342s ]
INFO: [ view_filter ] --START--
INFO: Run Behavior\WriteHtmlCacheBehavior [ RunTime:0.001052s ]
INFO: [ view_filter ] --END-- [ RunTime:0.001107s ]
INFO: [ app_end ] --START--
INFO: Run Behavior\ShowPageTraceBehavior [ RunTime:0.001294s ]
INFO: [ app_end ] --END-- [ RunTime:0.001364s ]

[ 2016-12-23T10:18:29+08:00 ] ::1 /tourist/
INFO: [ app_init ] --START--
INFO: Run Behavior\BuildLiteBehavior [ RunTime:0.000032s ]
INFO: [ app_init ] --END-- [ RunTime:0.001439s ]
INFO: [ app_begin ] --START--
INFO: Run Behavior\ReadHtmlCacheBehavior [ RunTime:0.001317s ]
INFO: [ app_begin ] --END-- [ RunTime:0.001451s ]
NOTIC: [8] Undefined index: username E:\PHP\xampp\htdocs\Tourist\Home\Controller\IndexController.class.php 第 11 行.
INFO: [ view_parse ] --START--
INFO: [ template_filter ] --START--
INFO: Run Behavior\ContentReplaceBehavior [ RunTime:0.000199s ]
INFO: [ template_filter ] --END-- [ RunTime:0.000291s ]
NOTIC: [8] Undefined index: username E:\PHP\xampp\htdocs\Tourist\Runtime\Cache\Home\441bc9cb2be787a26c3d31aeb0854a01.php 第 46 行.
INFO: Run Behavior\ParseTemplateBehavior [ RunTime:0.032341s ]
INFO: [ view_parse ] --END-- [ RunTime:0.032452s ]
INFO: [ view_filter ] --START--
INFO: Run Behavior\WriteHtmlCacheBehavior [ RunTime:0.000825s ]
INFO: [ view_filter ] --END-- [ RunTime:0.000885s ]
INFO: [ app_end ] --START--
INFO: Run Behavior\ShowPageTraceBehavior [ RunTime:0.001367s ]
INFO: [ app_end ] --END-- [ RunTime:0.001449s ]

[ 2016-12-23T10:19:00+08:00 ] ::1 /tourist/
INFO: [ app_init ] --START--
INFO: Run Behavior\BuildLiteBehavior [ RunTime:0.000029s ]
INFO: [ app_init ] --END-- [ RunTime:0.001180s ]
INFO: [ app_begin ] --START--
INFO: Run Behavior\ReadHtmlCacheBehavior [ RunTime:0.004584s ]
INFO: [ app_begin ] --END-- [ RunTime:0.004978s ]
NOTIC: [8] Undefined index: username E:\PHP\xampp\htdocs\Tourist\Home\Controller\IndexController.class.php 第 11 行.
INFO: [ view_parse ] --START--
INFO: [ template_filter ] --START--
INFO: Run Behavior\ContentReplaceBehavior [ RunTime:0.000201s ]
INFO: [ template_filter ] --END-- [ RunTime:0.000290s ]
NOTIC: [8] Undefined index: username E:\PHP\xampp\htdocs\Tourist\Runtime\Cache\Home\441bc9cb2be787a26c3d31aeb0854a01.php 第 46 行.
INFO: Run Behavior\ParseTemplateBehavior [ RunTime:0.023503s ]
INFO: [ view_parse ] --END-- [ RunTime:0.023590s ]
INFO: [ view_filter ] --START--
INFO: Run Behavior\WriteHtmlCacheBehavior [ RunTime:0.000945s ]
INFO: [ view_filter ] --END-- [ RunTime:0.001004s ]
INFO: [ app_end ] --START--
INFO: Run Behavior\ShowPageTraceBehavior [ RunTime:0.001449s ]
INFO: [ app_end ] --END-- [ RunTime:0.001527s ]

[ 2016-12-23T10:19:07+08:00 ] ::1 /tourist/
INFO: [ app_init ] --START--
INFO: Run Behavior\BuildLiteBehavior [ RunTime:0.000033s ]
INFO: [ app_init ] --END-- [ RunTime:0.001592s ]
INFO: [ app_begin ] --START--
INFO: Run Behavior\ReadHtmlCacheBehavior [ RunTime:0.000869s ]
INFO: [ app_begin ] --END-- [ RunTime:0.000953s ]
NOTIC: [8] Undefined index: username E:\PHP\xampp\htdocs\Tourist\Home\Controller\IndexController.class.php 第 11 行.
INFO: [ view_parse ] --START--
INFO: [ template_filter ] --START--
INFO: Run Behavior\ContentReplaceBehavior [ RunTime:0.000182s ]
INFO: [ template_filter ] --END-- [ RunTime:0.000268s ]
NOTIC: [8] Undefined index: username E:\PHP\xampp\htdocs\Tourist\Runtime\Cache\Home\441bc9cb2be787a26c3d31aeb0854a01.php 第 46 行.
INFO: Run Behavior\ParseTemplateBehavior [ RunTime:0.019398s ]
INFO: [ view_parse ] --END-- [ RunTime:0.019464s ]
INFO: [ view_filter ] --START--
INFO: Run Behavior\WriteHtmlCacheBehavior [ RunTime:0.000534s ]
INFO: [ view_filter ] --END-- [ RunTime:0.000583s ]
INFO: [ app_end ] --START--
INFO: Run Behavior\ShowPageTraceBehavior [ RunTime:0.001489s ]
INFO: [ app_end ] --END-- [ RunTime:0.001604s ]

[ 2016-12-23T10:19:29+08:00 ] ::1 /tourist/index.php/Home/User/index
INFO: [ app_init ] --START--
INFO: Run Behavior\BuildLiteBehavior [ RunTime:0.000065s ]
INFO: [ app_init ] --END-- [ RunTime:0.003921s ]
INFO: [ app_begin ] --START--
INFO: Run Behavior\ReadHtmlCacheBehavior [ RunTime:0.001872s ]
INFO: [ app_begin ] --END-- [ RunTime:0.002018s ]
INFO: [ view_parse ] --START--
INFO: [ template_filter ] --START--
INFO: Run Behavior\ContentReplaceBehavior [ RunTime:0.000133s ]
INFO: [ template_filter ] --END-- [ RunTime:0.000254s ]
INFO: Run Behavior\ParseTemplateBehavior [ RunTime:0.029571s ]
INFO: [ view_parse ] --END-- [ RunTime:0.029737s ]
INFO: [ view_filter ] --START--
INFO: Run Behavior\WriteHtmlCacheBehavior [ RunTime:0.002419s ]
INFO: [ view_filter ] --END-- [ RunTime:0.002613s ]
INFO: [ app_end ] --START--
INFO: Run Behavior\ShowPageTraceBehavior [ RunTime:0.001629s ]
INFO: [ app_end ] --END-- [ RunTime:0.001727s ]

[ 2016-12-23T10:41:12+08:00 ] ::1 /tourist/index.php/Home/User/index
INFO: [ app_init ] --START--
INFO: Run Behavior\BuildLiteBehavior [ RunTime:0.000030s ]
INFO: [ app_init ] --END-- [ RunTime:0.001229s ]
INFO: [ app_begin ] --START--
INFO: Run Behavior\ReadHtmlCacheBehavior [ RunTime:0.001687s ]
INFO: [ app_begin ] --END-- [ RunTime:0.001808s ]
INFO: [ view_parse ] --START--
INFO: [ template_filter ] --START--
INFO: Run Behavior\ContentReplaceBehavior [ RunTime:0.000151s ]
INFO: [ template_filter ] --END-- [ RunTime:0.000273s ]
INFO: Run Behavior\ParseTemplateBehavior [ RunTime:0.020106s ]
INFO: [ view_parse ] --END-- [ RunTime:0.020229s ]
INFO: [ view_filter ] --START--
INFO: Run Behavior\WriteHtmlCacheBehavior [ RunTime:0.001420s ]
INFO: [ view_filter ] --END-- [ RunTime:0.001529s ]
INFO: [ app_end ] --START--
INFO: Run Behavior\ShowPageTraceBehavior [ RunTime:0.001465s ]
INFO: [ app_end ] --END-- [ RunTime:0.001553s ]

[ 2016-12-23T10:41:37+08:00 ] ::1 /tourist/index.php/Home/User/index
INFO: [ app_init ] --START--
INFO: Run Behavior\BuildLiteBehavior [ RunTime:0.000031s ]
INFO: [ app_init ] --END-- [ RunTime:0.001254s ]
INFO: [ app_begin ] --START--
INFO: Run Behavior\ReadHtmlCacheBehavior [ RunTime:0.001836s ]
INFO: [ app_begin ] --END-- [ RunTime:0.001953s ]
INFO: [ view_parse ] --START--
INFO: [ template_filter ] --START--
INFO: Run Behavior\ContentReplaceBehavior [ RunTime:0.000171s ]
INFO: [ template_filter ] --END-- [ RunTime:0.000320s ]
INFO: Run Behavior\ParseTemplateBehavior [ RunTime:0.020666s ]
INFO: [ view_parse ] --END-- [ RunTime:0.020786s ]
INFO: [ view_filter ] --START--
INFO: Run Behavior\WriteHtmlCacheBehavior [ RunTime:0.001316s ]
INFO: [ view_filter ] --END-- [ RunTime:0.001384s ]
INFO: [ app_end ] --START--
INFO: Run Behavior\ShowPageTraceBehavior [ RunTime:0.001281s ]
INFO: [ app_end ] --END-- [ RunTime:0.001353s ]

[ 2016-12-23T10:41:49+08:00 ] ::1 /tourist/index.php/Home/User/index
INFO: [ app_init ] --START--
INFO: Run Behavior\BuildLiteBehavior [ RunTime:0.000033s ]
INFO: [ app_init ] --END-- [ RunTime:0.001241s ]
INFO: [ app_begin ] --START--
INFO: Run Behavior\ReadHtmlCacheBehavior [ RunTime:0.001502s ]
INFO: [ app_begin ] --END-- [ RunTime:0.001630s ]
INFO: [ view_parse ] --START--
INFO: [ template_filter ] --START--
INFO: Run Behavior\ContentReplaceBehavior [ RunTime:0.000143s ]
INFO: [ template_filter ] --END-- [ RunTime:0.000268s ]
INFO: Run Behavior\ParseTemplateBehavior [ RunTime:0.016810s ]
INFO: [ view_parse ] --END-- [ RunTime:0.017017s ]
INFO: [ view_filter ] --START--
INFO: Run Behavior\WriteHtmlCacheBehavior [ RunTime:0.001284s ]
INFO: [ view_filter ] --END-- [ RunTime:0.001411s ]
INFO: [ app_end ] --START--
INFO: Run Behavior\ShowPageTraceBehavior [ RunTime:0.003144s ]
INFO: [ app_end ] --END-- [ RunTime:0.003258s ]

[ 2016-12-23T10:42:04+08:00 ] ::1 /tourist/index.php/Home/User/index
INFO: [ app_init ] --START--
INFO: Run Behavior\BuildLiteBehavior [ RunTime:0.000032s ]
INFO: [ app_init ] --END-- [ RunTime:0.001677s ]
INFO: [ app_begin ] --START--
INFO: Run Behavior\ReadHtmlCacheBehavior [ RunTime:0.001718s ]
INFO: [ app_begin ] --END-- [ RunTime:0.001847s ]
INFO: [ view_parse ] --START--
INFO: [ template_filter ] --START--
INFO: Run Behavior\ContentReplaceBehavior [ RunTime:0.000164s ]
INFO: [ template_filter ] --END-- [ RunTime:0.000357s ]
INFO: Run Behavior\ParseTemplateBehavior [ RunTime:0.020425s ]
INFO: [ view_parse ] --END-- [ RunTime:0.020566s ]
INFO: [ view_filter ] --START--
INFO: Run Behavior\WriteHtmlCacheBehavior [ RunTime:0.001674s ]
INFO: [ view_filter ] --END-- [ RunTime:0.001784s ]
INFO: [ app_end ] --START--
INFO: Run Behavior\ShowPageTraceBehavior [ RunTime:0.001788s ]
INFO: [ app_end ] --END-- [ RunTime:0.001895s ]

[ 2016-12-23T10:42:19+08:00 ] ::1 /tourist/index.php/Home/User/index
INFO: [ app_init ] --START--
INFO: Run Behavior\BuildLiteBehavior [ RunTime:0.000038s ]
INFO: [ app_init ] --END-- [ RunTime:0.001660s ]
INFO: [ app_begin ] --START--
INFO: Run Behavior\ReadHtmlCacheBehavior [ RunTime:0.001051s ]
INFO: [ app_begin ] --END-- [ RunTime:0.001139s ]
INFO: [ view_parse ] --START--
INFO: [ template_filter ] --START--
INFO: Run Behavior\ContentReplaceBehavior [ RunTime:0.000145s ]
INFO: [ template_filter ] --END-- [ RunTime:0.000257s ]
INFO: Run Behavior\ParseTemplateBehavior [ RunTime:0.016920s ]
INFO: [ view_parse ] --END-- [ RunTime:0.017114s ]
INFO: [ view_filter ] --START--
INFO: Run Behavior\WriteHtmlCacheBehavior [ RunTime:0.000833s ]
INFO: [ view_filter ] --END-- [ RunTime:0.000908s ]
INFO: [ app_end ] --START--
INFO: Run Behavior\ShowPageTraceBehavior [ RunTime:0.000924s ]
INFO: [ app_end ] --END-- [ RunTime:0.000989s ]

[ 2016-12-23T10:43:00+08:00 ] ::1 /tourist/
INFO: [ app_init ] --START--
INFO: Run Behavior\BuildLiteBehavior [ RunTime:0.000023s ]
INFO: [ app_init ] --END-- [ RunTime:0.000914s ]
INFO: [ app_begin ] --START--
INFO: Run Behavior\ReadHtmlCacheBehavior [ RunTime:0.001228s ]
INFO: [ app_begin ] --END-- [ RunTime:0.001344s ]
NOTIC: [8] Undefined index: username E:\PHP\xampp\htdocs\Tourist\Home\Controller\IndexController.class.php 第 11 行.
INFO: [ view_parse ] --START--
INFO: [ template_filter ] --START--
INFO: Run Behavior\ContentReplaceBehavior [ RunTime:0.000442s ]
INFO: [ template_filter ] --END-- [ RunTime:0.000710s ]
NOTIC: [8] Undefined index: username E:\PHP\xampp\htdocs\Tourist\Runtime\Cache\Home\441bc9cb2be787a26c3d31aeb0854a01.php 第 46 行.
INFO: Run Behavior\ParseTemplateBehavior [ RunTime:0.020681s ]
INFO: [ view_parse ] --END-- [ RunTime:0.020770s ]
INFO: [ view_filter ] --START--
INFO: Run Behavior\WriteHtmlCacheBehavior [ RunTime:0.000626s ]
INFO: [ view_filter ] --END-- [ RunTime:0.000683s ]
INFO: [ app_end ] --START--
INFO: Run Behavior\ShowPageTraceBehavior [ RunTime:0.001368s ]
INFO: [ app_end ] --END-- [ RunTime:0.001464s ]

[ 2016-12-23T10:43:09+08:00 ] ::1 /tourist/index.php/Home/Index/index
INFO: [ app_init ] --START--
INFO: Run Behavior\BuildLiteBehavior [ RunTime:0.000027s ]
INFO: [ app_init ] --END-- [ RunTime:0.000932s ]
INFO: [ app_begin ] --START--
INFO: Run Behavior\ReadHtmlCacheBehavior [ RunTime:0.000869s ]
INFO: [ app_begin ] --END-- [ RunTime:0.000933s ]
NOTIC: [8] Undefined index: username E:\PHP\xampp\htdocs\Tourist\Home\Controller\IndexController.class.php 第 11 行.
INFO: [ view_parse ] --START--
INFO: [ template_filter ] --START--
INFO: Run Behavior\ContentReplaceBehavior [ RunTime:0.000267s ]
INFO: [ template_filter ] --END-- [ RunTime:0.000403s ]
NOTIC: [8] Undefined index: username E:\PHP\xampp\htdocs\Tourist\Runtime\Cache\Home\441bc9cb2be787a26c3d31aeb0854a01.php 第 46 行.
INFO: Run Behavior\ParseTemplateBehavior [ RunTime:0.024790s ]
INFO: [ view_parse ] --END-- [ RunTime:0.024890s ]
INFO: [ view_filter ] --START--
INFO: Run Behavior\WriteHtmlCacheBehavior [ RunTime:0.002904s ]
INFO: [ view_filter ] --END-- [ RunTime:0.003269s ]
INFO: [ app_end ] --START--
INFO: Run Behavior\ShowPageTraceBehavior [ RunTime:0.002425s ]
INFO: [ app_end ] --END-- [ RunTime:0.002682s ]

[ 2016-12-23T10:43:28+08:00 ] ::1 /tourist/
INFO: [ app_init ] --START--
INFO: Run Behavior\BuildLiteBehavior [ RunTime:0.000023s ]
INFO: [ app_init ] --END-- [ RunTime:0.000832s ]
INFO: [ app_begin ] --START--
INFO: Run Behavior\ReadHtmlCacheBehavior [ RunTime:0.002148s ]
INFO: [ app_begin ] --END-- [ RunTime:0.002388s ]
NOTIC: [8] Undefined index: username E:\PHP\xampp\htdocs\Tourist\Home\Controller\IndexController.class.php 第 11 行.
INFO: [ view_parse ] --START--
INFO: [ template_filter ] --START--
INFO: Run Behavior\ContentReplaceBehavior [ RunTime:0.000188s ]
INFO: [ template_filter ] --END-- [ RunTime:0.000283s ]
NOTIC: [8] Undefined index: username E:\PHP\xampp\htdocs\Tourist\Runtime\Cache\Home\441bc9cb2be787a26c3d31aeb0854a01.php 第 46 行.
INFO: Run Behavior\ParseTemplateBehavior [ RunTime:0.022769s ]
INFO: [ view_parse ] --END-- [ RunTime:0.022882s ]
INFO: [ view_filter ] --START--
INFO: Run Behavior\WriteHtmlCacheBehavior [ RunTime:0.002325s ]
INFO: [ view_filter ] --END-- [ RunTime:0.002457s ]
INFO: [ app_end ] --START--
INFO: Run Behavior\ShowPageTraceBehavior [ RunTime:0.002397s ]
INFO: [ app_end ] --END-- [ RunTime:0.002559s ]

[ 2016-12-23T10:44:05+08:00 ] ::1 /tourist/
INFO: [ app_init ] --START--
INFO: Run Behavior\BuildLiteBehavior [ RunTime:0.000030s ]
INFO: [ app_init ] --END-- [ RunTime:0.001392s ]
INFO: [ app_begin ] --START--
INFO: Run Behavior\ReadHtmlCacheBehavior [ RunTime:0.001317s ]
INFO: [ app_begin ] --END-- [ RunTime:0.001431s ]
NOTIC: [8] Undefined index: username E:\PHP\xampp\htdocs\Tourist\Home\Controller\IndexController.class.php 第 11 行.
INFO: [ view_parse ] --START--
INFO: [ template_filter ] --START--
INFO: Run Behavior\ContentReplaceBehavior [ RunTime:0.000246s ]
INFO: [ template_filter ] --END-- [ RunTime:0.000370s ]
NOTIC: [8] Undefined index: username E:\PHP\xampp\htdocs\Tourist\Runtime\Cache\Home\441bc9cb2be787a26c3d31aeb0854a01.php 第 46 行.
INFO: Run Behavior\ParseTemplateBehavior [ RunTime:0.023317s ]
INFO: [ view_parse ] --END-- [ RunTime:0.023515s ]
INFO: [ view_filter ] --START--
INFO: Run Behavior\WriteHtmlCacheBehavior [ RunTime:0.003475s ]
INFO: [ view_filter ] --END-- [ RunTime:0.003618s ]
INFO: [ app_end ] --START--
INFO: Run Behavior\ShowPageTraceBehavior [ RunTime:0.002803s ]
INFO: [ app_end ] --END-- [ RunTime:0.003201s ]

[ 2016-12-23T10:44:11+08:00 ] ::1 /tourist/
INFO: [ app_init ] --START--
INFO: Run Behavior\BuildLiteBehavior [ RunTime:0.000038s ]
INFO: [ app_init ] --END-- [ RunTime:0.002179s ]
INFO: [ app_begin ] --START--
INFO: Run Behavior\ReadHtmlCacheBehavior [ RunTime:0.001347s ]
INFO: [ app_begin ] --END-- [ RunTime:0.001460s ]
NOTIC: [8] Undefined index: username E:\PHP\xampp\htdocs\Tourist\Home\Controller\IndexController.class.php 第 11 行.
INFO: [ view_parse ] --START--
INFO: [ template_filter ] --START--
INFO: Run Behavior\ContentReplaceBehavior [ RunTime:0.000292s ]
INFO: [ template_filter ] --END-- [ RunTime:0.000439s ]
NOTIC: [8] Undefined index: username E:\PHP\xampp\htdocs\Tourist\Runtime\Cache\Home\441bc9cb2be787a26c3d31aeb0854a01.php 第 46 行.
INFO: Run Behavior\ParseTemplateBehavior [ RunTime:0.038365s ]
INFO: [ view_parse ] --END-- [ RunTime:0.038479s ]
INFO: [ view_filter ] --START--
INFO: Run Behavior\WriteHtmlCacheBehavior [ RunTime:0.001414s ]
INFO: [ view_filter ] --END-- [ RunTime:0.001530s ]
INFO: [ app_end ] --START--
INFO: Run Behavior\ShowPageTraceBehavior [ RunTime:0.003218s ]
INFO: [ app_end ] --END-- [ RunTime:0.003392s ]

[ 2016-12-23T10:44:18+08:00 ] ::1 /tourist/
INFO: [ app_init ] --START--
INFO: Run Behavior\BuildLiteBehavior [ RunTime:0.000034s ]
INFO: [ app_init ] --END-- [ RunTime:0.001593s ]
INFO: [ app_begin ] --START--
INFO: Run Behavior\ReadHtmlCacheBehavior [ RunTime:0.001958s ]
INFO: [ app_begin ] --END-- [ RunTime:0.002120s ]
NOTIC: [8] Undefined index: username E:\PHP\xampp\htdocs\Tourist\Home\Controller\IndexController.class.php 第 11 行.
INFO: [ view_parse ] --START--
INFO: [ template_filter ] --START--
INFO: Run Behavior\ContentReplaceBehavior [ RunTime:0.000195s ]
INFO: [ template_filter ] --END-- [ RunTime:0.000276s ]
NOTIC: [8] Undefined index: username E:\PHP\xampp\htdocs\Tourist\Runtime\Cache\Home\441bc9cb2be787a26c3d31aeb0854a01.php 第 46 行.
INFO: Run Behavior\ParseTemplateBehavior [ RunTime:0.034287s ]
INFO: [ view_parse ] --END-- [ RunTime:0.034503s ]
INFO: [ view_filter ] --START--
INFO: Run Behavior\WriteHtmlCacheBehavior [ RunTime:0.001966s ]
INFO: [ view_filter ] --END-- [ RunTime:0.002090s ]
INFO: [ app_end ] --START--
INFO: Run Behavior\ShowPageTraceBehavior [ RunTime:0.002321s ]
INFO: [ app_end ] --END-- [ RunTime:0.002953s ]

[ 2016-12-23T10:44:36+08:00 ] ::1 /tourist/
INFO: [ app_init ] --START--
INFO: Run Behavior\BuildLiteBehavior [ RunTime:0.000048s ]
INFO: [ app_init ] --END-- [ RunTime:0.005084s ]
INFO: [ app_begin ] --START--
INFO: Run Behavior\ReadHtmlCacheBehavior [ RunTime:0.002402s ]
INFO: [ app_begin ] --END-- [ RunTime:0.002592s ]
NOTIC: [8] Undefined index: username E:\PHP\xampp\htdocs\Tourist\Home\Controller\IndexController.class.php 第 11 行.
INFO: [ view_parse ] --START--
INFO: [ template_filter ] --START--
INFO: Run Behavior\ContentReplaceBehavior [ RunTime:0.000202s ]
INFO: [ template_filter ] --END-- [ RunTime:0.000297s ]
NOTIC: [8] Undefined index: username E:\PHP\xampp\htdocs\Tourist\Runtime\Cache\Home\441bc9cb2be787a26c3d31aeb0854a01.php 第 46 行.
INFO: Run Behavior\ParseTemplateBehavior [ RunTime:0.024353s ]
INFO: [ view_parse ] --END-- [ RunTime:0.024541s ]
INFO: [ view_filter ] --START--
INFO: Run Behavior\WriteHtmlCacheBehavior [ RunTime:0.002079s ]
INFO: [ view_filter ] --END-- [ RunTime:0.002538s ]
INFO: [ app_end ] --START--
INFO: Run Behavior\ShowPageTraceBehavior [ RunTime:0.002527s ]
INFO: [ app_end ] --END-- [ RunTime:0.002689s ]

[ 2016-12-23T10:46:28+08:00 ] ::1 /tourist/
INFO: [ app_init ] --START--
INFO: Run Behavior\BuildLiteBehavior [ RunTime:0.000069s ]
INFO: [ app_init ] --END-- [ RunTime:0.002723s ]
INFO: [ app_begin ] --START--
INFO: Run Behavior\ReadHtmlCacheBehavior [ RunTime:0.003034s ]
INFO: [ app_begin ] --END-- [ RunTime:0.003340s ]
NOTIC: [8] Undefined index: username E:\PHP\xampp\htdocs\Tourist\Home\Controller\IndexController.class.php 第 11 行.
INFO: [ view_parse ] --START--
INFO: [ template_filter ] --START--
INFO: Run Behavior\ContentReplaceBehavior [ RunTime:0.000282s ]
INFO: [ template_filter ] --END-- [ RunTime:0.000404s ]
NOTIC: [8] Undefined index: username E:\PHP\xampp\htdocs\Tourist\Runtime\Cache\Home\441bc9cb2be787a26c3d31aeb0854a01.php 第 46 行.
INFO: Run Behavior\ParseTemplateBehavior [ RunTime:0.057459s ]
INFO: [ view_parse ] --END-- [ RunTime:0.057726s ]
INFO: [ view_filter ] --START--
INFO: Run Behavior\WriteHtmlCacheBehavior [ RunTime:0.001751s ]
INFO: [ view_filter ] --END-- [ RunTime:0.001847s ]
INFO: [ app_end ] --START--
INFO: Run Behavior\ShowPageTraceBehavior [ RunTime:0.001827s ]
INFO: [ app_end ] --END-- [ RunTime:0.002025s ]

[ 2016-12-23T10:46:33+08:00 ] ::1 /tourist/
INFO: [ app_init ] --START--
INFO: Run Behavior\BuildLiteBehavior [ RunTime:0.000026s ]
INFO: [ app_init ] --END-- [ RunTime:0.001676s ]
INFO: [ app_begin ] --START--
INFO: Run Behavior\ReadHtmlCacheBehavior [ RunTime:0.001927s ]
INFO: [ app_begin ] --END-- [ RunTime:0.002068s ]
NOTIC: [8] Undefined index: username E:\PHP\xampp\htdocs\Tourist\Home\Controller\IndexController.class.php 第 11 行.
INFO: [ view_parse ] --START--
INFO: [ template_filter ] --START--
INFO: Run Behavior\ContentReplaceBehavior [ RunTime:0.000425s ]
INFO: [ template_filter ] --END-- [ RunTime:0.000604s ]
NOTIC: [8] Undefined index: username E:\PHP\xampp\htdocs\Tourist\Runtime\Cache\Home\441bc9cb2be787a26c3d31aeb0854a01.php 第 46 行.
INFO: Run Behavior\ParseTemplateBehavior [ RunTime:0.034103s ]
INFO: [ view_parse ] --END-- [ RunTime:0.034210s ]
INFO: [ view_filter ] --START--
INFO: Run Behavior\WriteHtmlCacheBehavior [ RunTime:0.002260s ]
INFO: [ view_filter ] --END-- [ RunTime:0.002359s ]
INFO: [ app_end ] --START--
INFO: Run Behavior\ShowPageTraceBehavior [ RunTime:0.004479s ]
INFO: [ app_end ] --END-- [ RunTime:0.004661s ]

[ 2016-12-23T10:46:38+08:00 ] ::1 /tourist/index.php/Home/Index/index
INFO: [ app_init ] --START--
INFO: Run Behavior\BuildLiteBehavior [ RunTime:0.000044s ]
INFO: [ app_init ] --END-- [ RunTime:0.001915s ]
INFO: [ app_begin ] --START--
INFO: Run Behavior\ReadHtmlCacheBehavior [ RunTime:0.004470s ]
INFO: [ app_begin ] --END-- [ RunTime:0.004689s ]
NOTIC: [8] Undefined index: username E:\PHP\xampp\htdocs\Tourist\Home\Controller\IndexController.class.php 第 11 行.
INFO: [ view_parse ] --START--
INFO: [ template_filter ] --START--
INFO: Run Behavior\ContentReplaceBehavior [ RunTime:0.000325s ]
INFO: [ template_filter ] --END-- [ RunTime:0.000476s ]
NOTIC: [8] Undefined index: username E:\PHP\xampp\htdocs\Tourist\Runtime\Cache\Home\441bc9cb2be787a26c3d31aeb0854a01.php 第 46 行.
INFO: Run Behavior\ParseTemplateBehavior [ RunTime:0.034533s ]
INFO: [ view_parse ] --END-- [ RunTime:0.034710s ]
INFO: [ view_filter ] --START--
INFO: Run Behavior\WriteHtmlCacheBehavior [ RunTime:0.001817s ]
INFO: [ view_filter ] --END-- [ RunTime:0.002199s ]
INFO: [ app_end ] --START--
INFO: Run Behavior\ShowPageTraceBehavior [ RunTime:0.005342s ]
INFO: [ app_end ] --END-- [ RunTime:0.008957s ]

[ 2016-12-23T10:47:48+08:00 ] ::1 /tourist/
INFO: [ app_init ] --START--
INFO: Run Behavior\BuildLiteBehavior [ RunTime:0.000024s ]
INFO: [ app_init ] --END-- [ RunTime:0.001069s ]
INFO: [ app_begin ] --START--
INFO: Run Behavior\ReadHtmlCacheBehavior [ RunTime:0.001430s ]
INFO: [ app_begin ] --END-- [ RunTime:0.001529s ]
NOTIC: [8] Undefined index: username E:\PHP\xampp\htdocs\Tourist\Home\Controller\IndexController.class.php 第 11 行.
INFO: [ view_parse ] --START--
INFO: [ template_filter ] --START--
INFO: Run Behavior\ContentReplaceBehavior [ RunTime:0.000250s ]
INFO: [ template_filter ] --END-- [ RunTime:0.000358s ]
NOTIC: [8] Undefined index: username E:\PHP\xampp\htdocs\Tourist\Runtime\Cache\Home\441bc9cb2be787a26c3d31aeb0854a01.php 第 46 行.
INFO: Run Behavior\ParseTemplateBehavior [ RunTime:0.029240s ]
INFO: [ view_parse ] --END-- [ RunTime:0.029357s ]
INFO: [ view_filter ] --START--
INFO: Run Behavior\WriteHtmlCacheBehavior [ RunTime:0.001268s ]
INFO: [ view_filter ] --END-- [ RunTime:0.001459s ]
INFO: [ app_end ] --START--
INFO: Run Behavior\ShowPageTraceBehavior [ RunTime:0.002467s ]
INFO: [ app_end ] --END-- [ RunTime:0.003307s ]

[ 2016-12-23T10:48:03+08:00 ] ::1 /tourist/index.php/Home/Index/index
INFO: [ app_init ] --START--
INFO: Run Behavior\BuildLiteBehavior [ RunTime:0.000173s ]
INFO: [ app_init ] --END-- [ RunTime:0.005550s ]
INFO: [ app_begin ] --START--
INFO: Run Behavior\ReadHtmlCacheBehavior [ RunTime:0.039729s ]
INFO: [ app_begin ] --END-- [ RunTime:0.040094s ]
NOTIC: [8] Undefined index: username E:\PHP\xampp\htdocs\Tourist\Home\Controller\IndexController.class.php 第 11 行.
INFO: [ view_parse ] --START--
INFO: [ template_filter ] --START--
INFO: Run Behavior\ContentReplaceBehavior [ RunTime:0.000299s ]
INFO: [ template_filter ] --END-- [ RunTime:0.000447s ]
NOTIC: [8] Undefined index: username E:\PHP\xampp\htdocs\Tourist\Runtime\Cache\Home\441bc9cb2be787a26c3d31aeb0854a01.php 第 46 行.
INFO: Run Behavior\ParseTemplateBehavior [ RunTime:0.139588s ]
INFO: [ view_parse ] --END-- [ RunTime:0.140158s ]
INFO: [ view_filter ] --START--
INFO: Run Behavior\WriteHtmlCacheBehavior [ RunTime:0.004727s ]
INFO: [ view_filter ] --END-- [ RunTime:0.004875s ]
INFO: [ app_end ] --START--
INFO: Run Behavior\ShowPageTraceBehavior [ RunTime:0.002231s ]
INFO: [ app_end ] --END-- [ RunTime:0.003813s ]

[ 2016-12-23T10:48:12+08:00 ] ::1 /tourist/
INFO: [ app_init ] --START--
INFO: Run Behavior\BuildLiteBehavior [ RunTime:0.000041s ]
INFO: [ app_init ] --END-- [ RunTime:0.002032s ]
INFO: [ app_begin ] --START--
INFO: Run Behavior\ReadHtmlCacheBehavior [ RunTime:0.002625s ]
INFO: [ app_begin ] --END-- [ RunTime:0.002828s ]
NOTIC: [8] Undefined index: username E:\PHP\xampp\htdocs\Tourist\Home\Controller\IndexController.class.php 第 11 行.
INFO: [ view_parse ] --START--
INFO: [ template_filter ] --START--
INFO: Run Behavior\ContentReplaceBehavior [ RunTime:0.000260s ]
INFO: [ template_filter ] --END-- [ RunTime:0.000377s ]
NOTIC: [8] Undefined index: username E:\PHP\xampp\htdocs\Tourist\Runtime\Cache\Home\441bc9cb2be787a26c3d31aeb0854a01.php 第 46 行.
INFO: Run Behavior\ParseTemplateBehavior [ RunTime:0.029313s ]
INFO: [ view_parse ] --END-- [ RunTime:0.029404s ]
INFO: [ view_filter ] --START--
INFO: Run Behavior\WriteHtmlCacheBehavior [ RunTime:0.001098s ]
INFO: [ view_filter ] --END-- [ RunTime:0.001164s ]
INFO: [ app_end ] --START--
INFO: Run Behavior\ShowPageTraceBehavior [ RunTime:0.001631s ]
INFO: [ app_end ] --END-- [ RunTime:0.001720s ]

[ 2016-12-23T10:48:26+08:00 ] ::1 /tourist/
INFO: [ app_init ] --START--
INFO: Run Behavior\BuildLiteBehavior [ RunTime:0.000026s ]
INFO: [ app_init ] --END-- [ RunTime:0.001070s ]
INFO: [ app_begin ] --START--
INFO: Run Behavior\ReadHtmlCacheBehavior [ RunTime:0.001146s ]
INFO: [ app_begin ] --END-- [ RunTime:0.001219s ]
NOTIC: [8] Undefined index: username E:\PHP\xampp\htdocs\Tourist\Home\Controller\IndexController.class.php 第 11 行.
INFO: [ view_parse ] --START--
INFO: [ template_filter ] --START--
INFO: Run Behavior\ContentReplaceBehavior [ RunTime:0.000274s ]
INFO: [ template_filter ] --END-- [ RunTime:0.000411s ]
NOTIC: [8] Undefined index: username E:\PHP\xampp\htdocs\Tourist\Runtime\Cache\Home\441bc9cb2be787a26c3d31aeb0854a01.php 第 46 行.
INFO: Run Behavior\ParseTemplateBehavior [ RunTime:0.024313s ]
INFO: [ view_parse ] --END-- [ RunTime:0.024418s ]
INFO: [ view_filter ] --START--
INFO: Run Behavior\WriteHtmlCacheBehavior [ RunTime:0.001168s ]
INFO: [ view_filter ] --END-- [ RunTime:0.001292s ]
INFO: [ app_end ] --START--
INFO: Run Behavior\ShowPageTraceBehavior [ RunTime:0.001582s ]
INFO: [ app_end ] --END-- [ RunTime:0.001682s ]

[ 2016-12-23T10:49:10+08:00 ] ::1 /tourist/
INFO: [ app_init ] --START--
INFO: Run Behavior\BuildLiteBehavior [ RunTime:0.000026s ]
INFO: [ app_init ] --END-- [ RunTime:0.000878s ]
INFO: [ app_begin ] --START--
INFO: Run Behavior\ReadHtmlCacheBehavior [ RunTime:0.001413s ]
INFO: [ app_begin ] --END-- [ RunTime:0.001520s ]
NOTIC: [8] Undefined index: username E:\PHP\xampp\htdocs\Tourist\Home\Controller\IndexController.class.php 第 11 行.
INFO: [ view_parse ] --START--
INFO: [ template_filter ] --START--
INFO: Run Behavior\ContentReplaceBehavior [ RunTime:0.000239s ]
INFO: [ template_filter ] --END-- [ RunTime:0.000370s ]
NOTIC: [8] Undefined index: username E:\PHP\xampp\htdocs\Tourist\Runtime\Cache\Home\441bc9cb2be787a26c3d31aeb0854a01.php 第 46 行.
INFO: Run Behavior\ParseTemplateBehavior [ RunTime:0.019512s ]
INFO: [ view_parse ] --END-- [ RunTime:0.019663s ]
INFO: [ view_filter ] --START--
INFO: Run Behavior\WriteHtmlCacheBehavior [ RunTime:0.000899s ]
INFO: [ view_filter ] --END-- [ RunTime:0.000989s ]
INFO: [ app_end ] --START--
INFO: Run Behavior\ShowPageTraceBehavior [ RunTime:0.001066s ]
INFO: [ app_end ] --END-- [ RunTime:0.001131s ]

[ 2016-12-23T10:49:22+08:00 ] ::1 /tourist/
INFO: [ app_init ] --START--
INFO: Run Behavior\BuildLiteBehavior [ RunTime:0.000031s ]
INFO: [ app_init ] --END-- [ RunTime:0.001544s ]
INFO: [ app_begin ] --START--
INFO: Run Behavior\ReadHtmlCacheBehavior [ RunTime:0.002203s ]
INFO: [ app_begin ] --END-- [ RunTime:0.002415s ]
NOTIC: [8] Undefined index: username E:\PHP\xampp\htdocs\Tourist\Home\Controller\IndexController.class.php 第 11 行.
INFO: [ view_parse ] --START--
INFO: [ template_filter ] --START--
INFO: Run Behavior\ContentReplaceBehavior [ RunTime:0.000195s ]
INFO: [ template_filter ] --END-- [ RunTime:0.000278s ]
NOTIC: [8] Undefined index: username E:\PHP\xampp\htdocs\Tourist\Runtime\Cache\Home\441bc9cb2be787a26c3d31aeb0854a01.php 第 46 行.
INFO: Run Behavior\ParseTemplateBehavior [ RunTime:0.024189s ]
INFO: [ view_parse ] --END-- [ RunTime:0.024356s ]
INFO: [ view_filter ] --START--
INFO: Run Behavior\WriteHtmlCacheBehavior [ RunTime:0.002407s ]
INFO: [ view_filter ] --END-- [ RunTime:0.002506s ]
INFO: [ app_end ] --START--
INFO: Run Behavior\ShowPageTraceBehavior [ RunTime:0.002581s ]
INFO: [ app_end ] --END-- [ RunTime:0.002693s ]

[ 2016-12-23T10:49:34+08:00 ] ::1 /tourist/index.php/Home/Travel/austra
INFO: [ app_init ] --START--
INFO: Run Behavior\BuildLiteBehavior [ RunTime:0.000040s ]
INFO: [ app_init ] --END-- [ RunTime:0.002088s ]
INFO: [ app_begin ] --START--
INFO: Run Behavior\ReadHtmlCacheBehavior [ RunTime:0.001526s ]
INFO: [ app_begin ] --END-- [ RunTime:0.001661s ]
INFO: [ view_parse ] --START--
INFO: [ template_filter ] --START--
INFO: Run Behavior\ContentReplaceBehavior [ RunTime:0.000150s ]
INFO: [ template_filter ] --END-- [ RunTime:0.000261s ]
NOTIC: [8] Undefined index: username E:\PHP\xampp\htdocs\Tourist\Runtime\Cache\Home\90b1851e71288751cf415a4b8d7288f8.php 第 15 行.
INFO: Run Behavior\ParseTemplateBehavior [ RunTime:0.048610s ]
INFO: [ view_parse ] --END-- [ RunTime:0.048743s ]
INFO: [ view_filter ] --START--
INFO: Run Behavior\WriteHtmlCacheBehavior [ RunTime:0.000899s ]
INFO: [ view_filter ] --END-- [ RunTime:0.000994s ]
INFO: [ app_end ] --START--
INFO: Run Behavior\ShowPageTraceBehavior [ RunTime:0.001260s ]
INFO: [ app_end ] --END-- [ RunTime:0.001342s ]

[ 2016-12-23T10:49:35+08:00 ] ::1 /tourist/index.php/Home/Travel/getmost/kinds/7.html
INFO: [ app_init ] --START--
INFO: Run Behavior\BuildLiteBehavior [ RunTime:0.000379s ]
INFO: [ app_init ] --END-- [ RunTime:0.001927s ]
INFO: [ app_begin ] --START--
INFO: Run Behavior\ReadHtmlCacheBehavior [ RunTime:0.001497s ]
INFO: [ app_begin ] --END-- [ RunTime:0.001633s ]
SQL: SHOW COLUMNS FROM `routes` [ RunTime:0.1835s ]
SQL: SELECT `id`,`name`,`traveldesc`,`price`,`daynumber`,`traffic`,`livedesc`,`fooddesc`,`liveimg`,`kinds`,`image`,`selectnumber`,`daytimes`,`updatetime` FROM `routes` WHERE `kinds` = 7 ORDER BY selectnumber desc LIMIT 3   [ RunTime:0.0164s ]
INFO: [ app_end ] --START--
INFO: Run Behavior\ShowPageTraceBehavior [ RunTime:0.001441s ]
INFO: [ app_end ] --END-- [ RunTime:0.001532s ]

[ 2016-12-23T10:49:35+08:00 ] ::1 /tourist/index.php/Home/Travel/getroutes/kinds/7.html
INFO: [ app_init ] --START--
INFO: Run Behavior\BuildLiteBehavior [ RunTime:0.000039s ]
INFO: [ app_init ] --END-- [ RunTime:0.001684s ]
INFO: [ app_begin ] --START--
INFO: Run Behavior\ReadHtmlCacheBehavior [ RunTime:0.001392s ]
INFO: [ app_begin ] --END-- [ RunTime:0.001522s ]
SQL: SHOW COLUMNS FROM `routes` [ RunTime:0.0090s ]
SQL: SELECT `id`,`name`,`traveldesc`,`price`,`daynumber`,`traffic`,`livedesc`,`fooddesc`,`liveimg`,`kinds`,`image`,`selectnumber`,`daytimes`,`updatetime` FROM `routes` WHERE `kinds` = 7  [ RunTime:0.0012s ]
INFO: [ app_end ] --START--
INFO: Run Behavior\ShowPageTraceBehavior [ RunTime:0.001357s ]
INFO: [ app_end ] --END-- [ RunTime:0.001431s ]

[ 2016-12-23T10:50:14+08:00 ] ::1 /tourist/
INFO: [ app_init ] --START--
INFO: Run Behavior\BuildLiteBehavior [ RunTime:0.000026s ]
INFO: [ app_init ] --END-- [ RunTime:0.001604s ]
INFO: [ app_begin ] --START--
INFO: Run Behavior\ReadHtmlCacheBehavior [ RunTime:0.001041s ]
INFO: [ app_begin ] --END-- [ RunTime:0.001123s ]
NOTIC: [8] Undefined index: username E:\PHP\xampp\htdocs\Tourist\Home\Controller\IndexController.class.php 第 11 行.
INFO: [ view_parse ] --START--
INFO: [ template_filter ] --START--
INFO: Run Behavior\ContentReplaceBehavior [ RunTime:0.000283s ]
INFO: [ template_filter ] --END-- [ RunTime:0.000514s ]
NOTIC: [8] Undefined index: username E:\PHP\xampp\htdocs\Tourist\Runtime\Cache\Home\441bc9cb2be787a26c3d31aeb0854a01.php 第 46 行.
INFO: Run Behavior\ParseTemplateBehavior [ RunTime:0.025576s ]
INFO: [ view_parse ] --END-- [ RunTime:0.025661s ]
INFO: [ view_filter ] --START--
INFO: Run Behavior\WriteHtmlCacheBehavior [ RunTime:0.002420s ]
INFO: [ view_filter ] --END-- [ RunTime:0.002749s ]
INFO: [ app_end ] --START--
INFO: Run Behavior\ShowPageTraceBehavior [ RunTime:0.001519s ]
INFO: [ app_end ] --END-- [ RunTime:0.001631s ]

[ 2016-12-23T10:51:14+08:00 ] ::1 /tourist/
INFO: [ app_init ] --START--
INFO: Run Behavior\BuildLiteBehavior [ RunTime:0.000031s ]
INFO: [ app_init ] --END-- [ RunTime:0.001447s ]
INFO: [ app_begin ] --START--
INFO: Run Behavior\ReadHtmlCacheBehavior [ RunTime:0.002011s ]
INFO: [ app_begin ] --END-- [ RunTime:0.002145s ]
NOTIC: [8] Undefined index: username E:\PHP\xampp\htdocs\Tourist\Home\Controller\IndexController.class.php 第 11 行.
INFO: [ view_parse ] --START--
INFO: [ template_filter ] --START--
INFO: Run Behavior\ContentReplaceBehavior [ RunTime:0.000300s ]
INFO: [ template_filter ] --END-- [ RunTime:0.000406s ]
NOTIC: [8] Undefined index: username E:\PHP\xampp\htdocs\Tourist\Runtime\Cache\Home\441bc9cb2be787a26c3d31aeb0854a01.php 第 46 行.
INFO: Run Behavior\ParseTemplateBehavior [ RunTime:0.042362s ]
INFO: [ view_parse ] --END-- [ RunTime:0.042456s ]
INFO: [ view_filter ] --START--
INFO: Run Behavior\WriteHtmlCacheBehavior [ RunTime:0.001362s ]
INFO: [ view_filter ] --END-- [ RunTime:0.001472s ]
INFO: [ app_end ] --START--
INFO: Run Behavior\ShowPageTraceBehavior [ RunTime:0.007929s ]
INFO: [ app_end ] --END-- [ RunTime:0.010923s ]

[ 2016-12-23T10:51:22+08:00 ] ::1 /tourist/
INFO: [ app_init ] --START--
INFO: Run Behavior\BuildLiteBehavior [ RunTime:0.000020s ]
INFO: [ app_init ] --END-- [ RunTime:0.000761s ]
INFO: [ app_begin ] --START--
INFO: Run Behavior\ReadHtmlCacheBehavior [ RunTime:0.001453s ]
INFO: [ app_begin ] --END-- [ RunTime:0.001564s ]
NOTIC: [8] Undefined index: username E:\PHP\xampp\htdocs\Tourist\Home\Controller\IndexController.class.php 第 11 行.
INFO: [ view_parse ] --START--
INFO: [ template_filter ] --START--
INFO: Run Behavior\ContentReplaceBehavior [ RunTime:0.000228s ]
INFO: [ template_filter ] --END-- [ RunTime:0.000367s ]
NOTIC: [8] Undefined index: username E:\PHP\xampp\htdocs\Tourist\Runtime\Cache\Home\441bc9cb2be787a26c3d31aeb0854a01.php 第 46 行.
INFO: Run Behavior\ParseTemplateBehavior [ RunTime:0.020029s ]
INFO: [ view_parse ] --END-- [ RunTime:0.020108s ]
INFO: [ view_filter ] --START--
INFO: Run Behavior\WriteHtmlCacheBehavior [ RunTime:0.000680s ]
INFO: [ view_filter ] --END-- [ RunTime:0.000741s ]
INFO: [ app_end ] --START--
INFO: Run Behavior\ShowPageTraceBehavior [ RunTime:0.000933s ]
INFO: [ app_end ] --END-- [ RunTime:0.000994s ]

[ 2016-12-23T10:51:36+08:00 ] ::1 /tourist/
INFO: [ app_init ] --START--
INFO: Run Behavior\BuildLiteBehavior [ RunTime:0.000039s ]
INFO: [ app_init ] --END-- [ RunTime:0.002145s ]
INFO: [ app_begin ] --START--
INFO: Run Behavior\ReadHtmlCacheBehavior [ RunTime:0.001390s ]
INFO: [ app_begin ] --END-- [ RunTime:0.001501s ]
NOTIC: [8] Undefined index: username E:\PHP\xampp\htdocs\Tourist\Home\Controller\IndexController.class.php 第 11 行.
INFO: [ view_parse ] --START--
INFO: [ template_filter ] --START--
INFO: Run Behavior\ContentReplaceBehavior [ RunTime:0.000378s ]
INFO: [ template_filter ] --END-- [ RunTime:0.000523s ]
NOTIC: [8] Undefined index: username E:\PHP\xampp\htdocs\Tourist\Runtime\Cache\Home\441bc9cb2be787a26c3d31aeb0854a01.php 第 46 行.
INFO: Run Behavior\ParseTemplateBehavior [ RunTime:0.029239s ]
INFO: [ view_parse ] --END-- [ RunTime:0.029329s ]
INFO: [ view_filter ] --START--
INFO: Run Behavior\WriteHtmlCacheBehavior [ RunTime:0.001207s ]
INFO: [ view_filter ] --END-- [ RunTime:0.001328s ]
INFO: [ app_end ] --START--
INFO: Run Behavior\ShowPageTraceBehavior [ RunTime:0.002156s ]
INFO: [ app_end ] --END-- [ RunTime:0.003873s ]

[ 2016-12-23T10:51:58+08:00 ] ::1 /tourist/index.php/Home/Travel/popular
INFO: [ app_init ] --START--
INFO: Run Behavior\BuildLiteBehavior [ RunTime:0.000033s ]
INFO: [ app_init ] --END-- [ RunTime:0.002549s ]
INFO: [ app_begin ] --START--
INFO: Run Behavior\ReadHtmlCacheBehavior [ RunTime:0.023652s ]
INFO: [ app_begin ] --END-- [ RunTime:0.023977s ]
INFO: [ view_parse ] --START--
INFO: [ template_filter ] --START--
INFO: Run Behavior\ContentReplaceBehavior [ RunTime:0.000135s ]
INFO: [ template_filter ] --END-- [ RunTime:0.000226s ]
NOTIC: [8] Undefined index: username E:\PHP\xampp\htdocs\Tourist\Runtime\Cache\Home\9482fc8ef47295a66e9ea6d97952fa96.php 第 15 行.
INFO: Run Behavior\ParseTemplateBehavior [ RunTime:0.049480s ]
INFO: [ view_parse ] --END-- [ RunTime:0.049614s ]
INFO: [ view_filter ] --START--
INFO: Run Behavior\WriteHtmlCacheBehavior [ RunTime:0.000873s ]
INFO: [ view_filter ] --END-- [ RunTime:0.000946s ]
INFO: [ app_end ] --START--
INFO: Run Behavior\ShowPageTraceBehavior [ RunTime:0.001321s ]
INFO: [ app_end ] --END-- [ RunTime:0.001407s ]

[ 2016-12-23T10:51:59+08:00 ] ::1 /tourist/index.php/Home/Travel/getmost/kinds/0.html
INFO: [ app_init ] --START--
INFO: Run Behavior\BuildLiteBehavior [ RunTime:0.000024s ]
INFO: [ app_init ] --END-- [ RunTime:0.001254s ]
INFO: [ app_begin ] --START--
INFO: Run Behavior\ReadHtmlCacheBehavior [ RunTime:0.001579s ]
INFO: [ app_begin ] --END-- [ RunTime:0.001722s ]
SQL: SHOW COLUMNS FROM `routes` [ RunTime:0.0166s ]
SQL: SELECT `id`,`name`,`traveldesc`,`price`,`daynumber`,`traffic`,`livedesc`,`fooddesc`,`liveimg`,`kinds`,`image`,`selectnumber`,`daytimes`,`updatetime` FROM `routes` ORDER BY selectnumber desc LIMIT 3   [ RunTime:0.0026s ]
INFO: [ app_end ] --START--
INFO: Run Behavior\ShowPageTraceBehavior [ RunTime:0.001463s ]
INFO: [ app_end ] --END-- [ RunTime:0.001544s ]

[ 2016-12-23T10:51:59+08:00 ] ::1 /tourist/index.php/Home/Travel/getroutes/kinds/0.html
INFO: [ app_init ] --START--
INFO: Run Behavior\BuildLiteBehavior [ RunTime:0.000030s ]
INFO: [ app_init ] --END-- [ RunTime:0.001299s ]
INFO: [ app_begin ] --START--
INFO: Run Behavior\ReadHtmlCacheBehavior [ RunTime:0.001774s ]
INFO: [ app_begin ] --END-- [ RunTime:0.001934s ]
SQL: SHOW COLUMNS FROM `routes` [ RunTime:0.0107s ]
SQL: SELECT `id`,`name`,`traveldesc`,`price`,`daynumber`,`traffic`,`livedesc`,`fooddesc`,`liveimg`,`kinds`,`image`,`selectnumber`,`daytimes`,`updatetime` FROM `routes`  [ RunTime:0.0017s ]
INFO: [ app_end ] --START--
INFO: Run Behavior\ShowPageTraceBehavior [ RunTime:0.001467s ]
INFO: [ app_end ] --END-- [ RunTime:0.001579s ]

[ 2016-12-23T10:53:26+08:00 ] ::1 /tourist/index.php/Home/Travel/popular
INFO: [ app_init ] --START--
INFO: Run Behavior\BuildLiteBehavior [ RunTime:0.000031s ]
INFO: [ app_init ] --END-- [ RunTime:0.001691s ]
INFO: [ app_begin ] --START--
INFO: Run Behavior\ReadHtmlCacheBehavior [ RunTime:0.001336s ]
INFO: [ app_begin ] --END-- [ RunTime:0.001433s ]
INFO: [ view_parse ] --START--
INFO: [ template_filter ] --START--
INFO: Run Behavior\ContentReplaceBehavior [ RunTime:0.000115s ]
INFO: [ template_filter ] --END-- [ RunTime:0.000203s ]
NOTIC: [8] Undefined index: username E:\PHP\xampp\htdocs\Tourist\Runtime\Cache\Home\9482fc8ef47295a66e9ea6d97952fa96.php 第 15 行.
INFO: Run Behavior\ParseTemplateBehavior [ RunTime:0.020379s ]
INFO: [ view_parse ] --END-- [ RunTime:0.020511s ]
INFO: [ view_filter ] --START--
INFO: Run Behavior\WriteHtmlCacheBehavior [ RunTime:0.001436s ]
INFO: [ view_filter ] --END-- [ RunTime:0.001600s ]
INFO: [ app_end ] --START--
INFO: Run Behavior\ShowPageTraceBehavior [ RunTime:0.001418s ]
INFO: [ app_end ] --END-- [ RunTime:0.001485s ]

[ 2016-12-23T10:53:27+08:00 ] ::1 /tourist/index.php/Home/Travel/getmost/kinds/0.html
INFO: [ app_init ] --START--
INFO: Run Behavior\BuildLiteBehavior [ RunTime:0.000031s ]
INFO: [ app_init ] --END-- [ RunTime:0.001938s ]
INFO: [ app_begin ] --START--
INFO: Run Behavior\ReadHtmlCacheBehavior [ RunTime:0.001415s ]
INFO: [ app_begin ] --END-- [ RunTime:0.001523s ]
SQL: SHOW COLUMNS FROM `routes` [ RunTime:0.0111s ]
SQL: SELECT `id`,`name`,`traveldesc`,`price`,`daynumber`,`traffic`,`livedesc`,`fooddesc`,`liveimg`,`kinds`,`image`,`selectnumber`,`daytimes`,`updatetime` FROM `routes` ORDER BY selectnumber desc LIMIT 3   [ RunTime:0.0012s ]
INFO: [ app_end ] --START--
INFO: Run Behavior\ShowPageTraceBehavior [ RunTime:0.001742s ]
INFO: [ app_end ] --END-- [ RunTime:0.001851s ]

[ 2016-12-23T10:53:27+08:00 ] ::1 /tourist/index.php/Home/Travel/getroutes/kinds/0.html
INFO: [ app_init ] --START--
INFO: Run Behavior\BuildLiteBehavior [ RunTime:0.000061s ]
INFO: [ app_init ] --END-- [ RunTime:0.002078s ]
INFO: [ app_begin ] --START--
INFO: Run Behavior\ReadHtmlCacheBehavior [ RunTime:0.001406s ]
INFO: [ app_begin ] --END-- [ RunTime:0.001517s ]
SQL: SHOW COLUMNS FROM `routes` [ RunTime:0.0111s ]
SQL: SELECT `id`,`name`,`traveldesc`,`price`,`daynumber`,`traffic`,`livedesc`,`fooddesc`,`liveimg`,`kinds`,`image`,`selectnumber`,`daytimes`,`updatetime` FROM `routes` ORDER BY selectnumber desc  [ RunTime:0.0021s ]
INFO: [ app_end ] --START--
INFO: Run Behavior\ShowPageTraceBehavior [ RunTime:0.001762s ]
INFO: [ app_end ] --END-- [ RunTime:0.001903s ]

[ 2016-12-23T10:56:58+08:00 ] ::1 /tourist/index.php/Home/Travel/popular
INFO: [ app_init ] --START--
INFO: Run Behavior\BuildLiteBehavior [ RunTime:0.000021s ]
INFO: [ app_init ] --END-- [ RunTime:0.001083s ]
INFO: [ app_begin ] --START--
INFO: Run Behavior\ReadHtmlCacheBehavior [ RunTime:0.001194s ]
INFO: [ app_begin ] --END-- [ RunTime:0.001261s ]
INFO: [ view_parse ] --START--
INFO: [ template_filter ] --START--
INFO: Run Behavior\ContentReplaceBehavior [ RunTime:0.000136s ]
INFO: [ template_filter ] --END-- [ RunTime:0.000231s ]
NOTIC: [8] Undefined index: username E:\PHP\xampp\htdocs\Tourist\Runtime\Cache\Home\9482fc8ef47295a66e9ea6d97952fa96.php 第 16 行.
INFO: Run Behavior\ParseTemplateBehavior [ RunTime:0.015602s ]
INFO: [ view_parse ] --END-- [ RunTime:0.015680s ]
INFO: [ view_filter ] --START--
INFO: Run Behavior\WriteHtmlCacheBehavior [ RunTime:0.000719s ]
INFO: [ view_filter ] --END-- [ RunTime:0.000774s ]
INFO: [ app_end ] --START--
INFO: Run Behavior\ShowPageTraceBehavior [ RunTime:0.000877s ]
INFO: [ app_end ] --END-- [ RunTime:0.000929s ]

[ 2016-12-23T10:56:58+08:00 ] ::1 /tourist/index.php/Home/Travel/getmost/kinds/0.html
INFO: [ app_init ] --START--
INFO: Run Behavior\BuildLiteBehavior [ RunTime:0.000030s ]
INFO: [ app_init ] --END-- [ RunTime:0.001362s ]
INFO: [ app_begin ] --START--
INFO: Run Behavior\ReadHtmlCacheBehavior [ RunTime:0.001303s ]
INFO: [ app_begin ] --END-- [ RunTime:0.001420s ]
SQL: SHOW COLUMNS FROM `routes` [ RunTime:0.0142s ]
SQL: SELECT `id`,`name`,`traveldesc`,`price`,`daynumber`,`traffic`,`livedesc`,`fooddesc`,`liveimg`,`kinds`,`image`,`selectnumber`,`daytimes`,`updatetime` FROM `routes` ORDER BY selectnumber desc LIMIT 3   [ RunTime:0.0012s ]
INFO: [ app_end ] --START--
INFO: Run Behavior\ShowPageTraceBehavior [ RunTime:0.001559s ]
INFO: [ app_end ] --END-- [ RunTime:0.001679s ]

[ 2016-12-23T10:56:58+08:00 ] ::1 /tourist/index.php/Home/Travel/getroutes/kinds/0.html
INFO: [ app_init ] --START--
INFO: Run Behavior\BuildLiteBehavior [ RunTime:0.000042s ]
INFO: [ app_init ] --END-- [ RunTime:0.001872s ]
INFO: [ app_begin ] --START--
INFO: Run Behavior\ReadHtmlCacheBehavior [ RunTime:0.002322s ]
INFO: [ app_begin ] --END-- [ RunTime:0.002684s ]
SQL: SHOW COLUMNS FROM `routes` [ RunTime:0.0119s ]
SQL: SELECT `id`,`name`,`traveldesc`,`price`,`daynumber`,`traffic`,`livedesc`,`fooddesc`,`liveimg`,`kinds`,`image`,`selectnumber`,`daytimes`,`updatetime` FROM `routes` ORDER BY selectnumber desc  [ RunTime:0.0019s ]
INFO: [ app_end ] --START--
INFO: Run Behavior\ShowPageTraceBehavior [ RunTime:0.002107s ]
INFO: [ app_end ] --END-- [ RunTime:0.002252s ]

[ 2016-12-23T10:57:05+08:00 ] ::1 /tourist/index.php/Home/Travel/popular
INFO: [ app_init ] --START--
INFO: Run Behavior\BuildLiteBehavior [ RunTime:0.000021s ]
INFO: [ app_init ] --END-- [ RunTime:0.000834s ]
INFO: [ app_begin ] --START--
INFO: Run Behavior\ReadHtmlCacheBehavior [ RunTime:0.006294s ]
INFO: [ app_begin ] --END-- [ RunTime:0.006465s ]
INFO: [ view_parse ] --START--
INFO: [ template_filter ] --START--
INFO: Run Behavior\ContentReplaceBehavior [ RunTime:0.000119s ]
INFO: [ template_filter ] --END-- [ RunTime:0.000207s ]
NOTIC: [8] Undefined index: username E:\PHP\xampp\htdocs\Tourist\Runtime\Cache\Home\9482fc8ef47295a66e9ea6d97952fa96.php 第 16 行.
INFO: Run Behavior\ParseTemplateBehavior [ RunTime:0.017972s ]
INFO: [ view_parse ] --END-- [ RunTime:0.018058s ]
INFO: [ view_filter ] --START--
INFO: Run Behavior\WriteHtmlCacheBehavior [ RunTime:0.000668s ]
INFO: [ view_filter ] --END-- [ RunTime:0.000730s ]
INFO: [ app_end ] --START--
INFO: Run Behavior\ShowPageTraceBehavior [ RunTime:0.001062s ]
INFO: [ app_end ] --END-- [ RunTime:0.001136s ]

[ 2016-12-23T10:57:06+08:00 ] ::1 /tourist/index.php/Home/Travel/getmost/kinds/0.html
INFO: [ app_init ] --START--
INFO: Run Behavior\BuildLiteBehavior [ RunTime:0.000023s ]
INFO: [ app_init ] --END-- [ RunTime:0.001178s ]
INFO: [ app_begin ] --START--
INFO: Run Behavior\ReadHtmlCacheBehavior [ RunTime:0.001652s ]
INFO: [ app_begin ] --END-- [ RunTime:0.001771s ]
SQL: SHOW COLUMNS FROM `routes` [ RunTime:0.0168s ]
SQL: SELECT `id`,`name`,`traveldesc`,`price`,`daynumber`,`traffic`,`livedesc`,`fooddesc`,`liveimg`,`kinds`,`image`,`selectnumber`,`daytimes`,`updatetime` FROM `routes` ORDER BY selectnumber desc LIMIT 3   [ RunTime:0.0013s ]
INFO: [ app_end ] --START--
INFO: Run Behavior\ShowPageTraceBehavior [ RunTime:0.001487s ]
INFO: [ app_end ] --END-- [ RunTime:0.001593s ]

[ 2016-12-23T10:57:06+08:00 ] ::1 /tourist/index.php/Home/Travel/getroutes/kinds/0.html
INFO: [ app_init ] --START--
INFO: Run Behavior\BuildLiteBehavior [ RunTime:0.000024s ]
INFO: [ app_init ] --END-- [ RunTime:0.001414s ]
INFO: [ app_begin ] --START--
INFO: Run Behavior\ReadHtmlCacheBehavior [ RunTime:0.001487s ]
INFO: [ app_begin ] --END-- [ RunTime:0.002112s ]
SQL: SHOW COLUMNS FROM `routes` [ RunTime:0.0131s ]
SQL: SELECT `id`,`name`,`traveldesc`,`price`,`daynumber`,`traffic`,`livedesc`,`fooddesc`,`liveimg`,`kinds`,`image`,`selectnumber`,`daytimes`,`updatetime` FROM `routes` ORDER BY selectnumber desc  [ RunTime:0.0281s ]
INFO: [ app_end ] --START--
INFO: Run Behavior\ShowPageTraceBehavior [ RunTime:0.001552s ]
INFO: [ app_end ] --END-- [ RunTime:0.001684s ]

[ 2016-12-23T10:57:09+08:00 ] ::1 /tourist/index.php/Home/Travel/popular
INFO: [ app_init ] --START--
INFO: Run Behavior\BuildLiteBehavior [ RunTime:0.000034s ]
INFO: [ app_init ] --END-- [ RunTime:0.001150s ]
INFO: [ app_begin ] --START--
INFO: Run Behavior\ReadHtmlCacheBehavior [ RunTime:0.001438s ]
INFO: [ app_begin ] --END-- [ RunTime:0.001562s ]
INFO: [ view_parse ] --START--
INFO: [ template_filter ] --START--
INFO: Run Behavior\ContentReplaceBehavior [ RunTime:0.000151s ]
INFO: [ template_filter ] --END-- [ RunTime:0.000260s ]
NOTIC: [8] Undefined index: username E:\PHP\xampp\htdocs\Tourist\Runtime\Cache\Home\9482fc8ef47295a66e9ea6d97952fa96.php 第 16 行.
INFO: Run Behavior\ParseTemplateBehavior [ RunTime:0.020960s ]
INFO: [ view_parse ] --END-- [ RunTime:0.021091s ]
INFO: [ view_filter ] --START--
INFO: Run Behavior\WriteHtmlCacheBehavior [ RunTime:0.001591s ]
INFO: [ view_filter ] --END-- [ RunTime:0.001696s ]
INFO: [ app_end ] --START--
INFO: Run Behavior\ShowPageTraceBehavior [ RunTime:0.001098s ]
INFO: [ app_end ] --END-- [ RunTime:0.001177s ]

[ 2016-12-23T10:57:10+08:00 ] ::1 /tourist/index.php/Home/Travel/getroutes/kinds/0.html
INFO: [ app_init ] --START--
INFO: Run Behavior\BuildLiteBehavior [ RunTime:0.000031s ]
INFO: [ app_init ] --END-- [ RunTime:0.001093s ]
INFO: [ app_begin ] --START--
INFO: Run Behavior\ReadHtmlCacheBehavior [ RunTime:0.001048s ]
INFO: [ app_begin ] --END-- [ RunTime:0.001158s ]
SQL: SHOW COLUMNS FROM `routes` [ RunTime:0.0108s ]
SQL: SELECT `id`,`name`,`traveldesc`,`price`,`daynumber`,`traffic`,`livedesc`,`fooddesc`,`liveimg`,`kinds`,`image`,`selectnumber`,`daytimes`,`updatetime` FROM `routes` ORDER BY selectnumber desc  [ RunTime:0.0028s ]
INFO: [ app_end ] --START--
INFO: Run Behavior\ShowPageTraceBehavior [ RunTime:0.001461s ]
INFO: [ app_end ] --END-- [ RunTime:0.001567s ]

[ 2016-12-23T10:57:10+08:00 ] ::1 /tourist/index.php/Home/Travel/getmost/kinds/0.html
INFO: [ app_init ] --START--
INFO: Run Behavior\BuildLiteBehavior [ RunTime:0.000024s ]
INFO: [ app_init ] --END-- [ RunTime:0.001307s ]
INFO: [ app_begin ] --START--
INFO: Run Behavior\ReadHtmlCacheBehavior [ RunTime:0.001035s ]
INFO: [ app_begin ] --END-- [ RunTime:0.001133s ]
SQL: SHOW COLUMNS FROM `routes` [ RunTime:0.0119s ]
SQL: SELECT `id`,`name`,`traveldesc`,`price`,`daynumber`,`traffic`,`livedesc`,`fooddesc`,`liveimg`,`kinds`,`image`,`selectnumber`,`daytimes`,`updatetime` FROM `routes` ORDER BY selectnumber desc LIMIT 3   [ RunTime:0.0012s ]
INFO: [ app_end ] --START--
INFO: Run Behavior\ShowPageTraceBehavior [ RunTime:0.001832s ]
INFO: [ app_end ] --END-- [ RunTime:0.001952s ]

[ 2016-12-23T10:57:19+08:00 ] ::1 /tourist/index.php/Home/Travel/popular
INFO: [ app_init ] --START--
INFO: Run Behavior\BuildLiteBehavior [ RunTime:0.000024s ]
INFO: [ app_init ] --END-- [ RunTime:0.000854s ]
INFO: [ app_begin ] --START--
INFO: Run Behavior\ReadHtmlCacheBehavior [ RunTime:0.001224s ]
INFO: [ app_begin ] --END-- [ RunTime:0.001319s ]
INFO: [ view_parse ] --START--
INFO: [ template_filter ] --START--
INFO: Run Behavior\ContentReplaceBehavior [ RunTime:0.000118s ]
INFO: [ template_filter ] --END-- [ RunTime:0.000313s ]
NOTIC: [8] Undefined index: username E:\PHP\xampp\htdocs\Tourist\Runtime\Cache\Home\9482fc8ef47295a66e9ea6d97952fa96.php 第 16 行.
INFO: Run Behavior\ParseTemplateBehavior [ RunTime:0.015174s ]
INFO: [ view_parse ] --END-- [ RunTime:0.015264s ]
INFO: [ view_filter ] --START--
INFO: Run Behavior\WriteHtmlCacheBehavior [ RunTime:0.000534s ]
INFO: [ view_filter ] --END-- [ RunTime:0.000586s ]
INFO: [ app_end ] --START--
INFO: Run Behavior\ShowPageTraceBehavior [ RunTime:0.000778s ]
INFO: [ app_end ] --END-- [ RunTime:0.000830s ]

[ 2016-12-23T10:57:20+08:00 ] ::1 /tourist/index.php/Home/Travel/getmost/kinds/0.html
INFO: [ app_init ] --START--
INFO: Run Behavior\BuildLiteBehavior [ RunTime:0.000026s ]
INFO: [ app_init ] --END-- [ RunTime:0.001039s ]
INFO: [ app_begin ] --START--
INFO: Run Behavior\ReadHtmlCacheBehavior [ RunTime:0.001632s ]
INFO: [ app_begin ] --END-- [ RunTime:0.001749s ]
SQL: SHOW COLUMNS FROM `routes` [ RunTime:0.0153s ]
SQL: SELECT `id`,`name`,`traveldesc`,`price`,`daynumber`,`traffic`,`livedesc`,`fooddesc`,`liveimg`,`kinds`,`image`,`selectnumber`,`daytimes`,`updatetime` FROM `routes` ORDER BY selectnumber desc LIMIT 3   [ RunTime:0.0024s ]
INFO: [ app_end ] --START--
INFO: Run Behavior\ShowPageTraceBehavior [ RunTime:0.002819s ]
INFO: [ app_end ] --END-- [ RunTime:0.002948s ]

[ 2016-12-23T10:57:20+08:00 ] ::1 /tourist/index.php/Home/Travel/getroutes/kinds/0.html
INFO: [ app_init ] --START--
INFO: Run Behavior\BuildLiteBehavior [ RunTime:0.000024s ]
INFO: [ app_init ] --END-- [ RunTime:0.000980s ]
INFO: [ app_begin ] --START--
INFO: Run Behavior\ReadHtmlCacheBehavior [ RunTime:0.001873s ]
INFO: [ app_begin ] --END-- [ RunTime:0.001996s ]
SQL: SHOW COLUMNS FROM `routes` [ RunTime:0.0102s ]
SQL: SELECT `id`,`name`,`traveldesc`,`price`,`daynumber`,`traffic`,`livedesc`,`fooddesc`,`liveimg`,`kinds`,`image`,`selectnumber`,`daytimes`,`updatetime` FROM `routes` ORDER BY selectnumber desc  [ RunTime:0.0021s ]
INFO: [ app_end ] --START--
INFO: Run Behavior\ShowPageTraceBehavior [ RunTime:0.001712s ]
INFO: [ app_end ] --END-- [ RunTime:0.001822s ]

[ 2016-12-23T10:57:53+08:00 ] ::1 /tourist/index.php/Home/Travel/popular
INFO: [ app_init ] --START--
INFO: Run Behavior\BuildLiteBehavior [ RunTime:0.000021s ]
INFO: [ app_init ] --END-- [ RunTime:0.001007s ]
INFO: [ app_begin ] --START--
INFO: Run Behavior\ReadHtmlCacheBehavior [ RunTime:0.001211s ]
INFO: [ app_begin ] --END-- [ RunTime:0.001365s ]
INFO: [ view_parse ] --START--
INFO: [ template_filter ] --START--
INFO: Run Behavior\ContentReplaceBehavior [ RunTime:0.000137s ]
INFO: [ template_filter ] --END-- [ RunTime:0.000231s ]
NOTIC: [8] Undefined index: username E:\PHP\xampp\htdocs\Tourist\Runtime\Cache\Home\9482fc8ef47295a66e9ea6d97952fa96.php 第 16 行.
INFO: Run Behavior\ParseTemplateBehavior [ RunTime:0.017248s ]
INFO: [ view_parse ] --END-- [ RunTime:0.017334s ]
INFO: [ view_filter ] --START--
INFO: Run Behavior\WriteHtmlCacheBehavior [ RunTime:0.001200s ]
INFO: [ view_filter ] --END-- [ RunTime:0.001293s ]
INFO: [ app_end ] --START--
INFO: Run Behavior\ShowPageTraceBehavior [ RunTime:0.001394s ]
INFO: [ app_end ] --END-- [ RunTime:0.001487s ]

[ 2016-12-23T10:57:53+08:00 ] ::1 /tourist/index.php/Home/Travel/getmost/kinds/0.html
INFO: [ app_init ] --START--
INFO: Run Behavior\BuildLiteBehavior [ RunTime:0.000024s ]
INFO: [ app_init ] --END-- [ RunTime:0.000927s ]
INFO: [ app_begin ] --START--
INFO: Run Behavior\ReadHtmlCacheBehavior [ RunTime:0.001281s ]
INFO: [ app_begin ] --END-- [ RunTime:0.001389s ]
SQL: SHOW COLUMNS FROM `routes` [ RunTime:0.0081s ]
SQL: SELECT `id`,`name`,`traveldesc`,`price`,`daynumber`,`traffic`,`livedesc`,`fooddesc`,`liveimg`,`kinds`,`image`,`selectnumber`,`daytimes`,`updatetime` FROM `routes` ORDER BY selectnumber desc LIMIT 3   [ RunTime:0.0009s ]
INFO: [ app_end ] --START--
INFO: Run Behavior\ShowPageTraceBehavior [ RunTime:0.001368s ]
INFO: [ app_end ] --END-- [ RunTime:0.001442s ]

[ 2016-12-23T10:57:53+08:00 ] ::1 /tourist/index.php/Home/Travel/getroutes/kinds/0.html
INFO: [ app_init ] --START--
INFO: Run Behavior\BuildLiteBehavior [ RunTime:0.000023s ]
INFO: [ app_init ] --END-- [ RunTime:0.001028s ]
INFO: [ app_begin ] --START--
INFO: Run Behavior\ReadHtmlCacheBehavior [ RunTime:0.002616s ]
INFO: [ app_begin ] --END-- [ RunTime:0.002828s ]
SQL: SHOW COLUMNS FROM `routes` [ RunTime:0.0084s ]
SQL: SELECT `id`,`name`,`traveldesc`,`price`,`daynumber`,`traffic`,`livedesc`,`fooddesc`,`liveimg`,`kinds`,`image`,`selectnumber`,`daytimes`,`updatetime` FROM `routes` ORDER BY selectnumber desc  [ RunTime:0.0017s ]
INFO: [ app_end ] --START--
INFO: Run Behavior\ShowPageTraceBehavior [ RunTime:0.001819s ]
INFO: [ app_end ] --END-- [ RunTime:0.001943s ]

