[ 2016-12-15T09:46:28+08:00 ] ::1 /tourist/
INFO: [ app_init ] --START--
INFO: Run Behavior\BuildLiteBehavior [ RunTime:0.000037s ]
INFO: [ app_init ] --END-- [ RunTime:0.032587s ]
INFO: [ app_begin ] --START--
INFO: Run Behavior\ReadHtmlCacheBehavior [ RunTime:0.001933s ]
INFO: [ app_begin ] --END-- [ RunTime:0.002087s ]
INFO: [ view_parse ] --START--
INFO: [ template_filter ] --START--
INFO: Run Behavior\ContentReplaceBehavior [ RunTime:0.015550s ]
INFO: [ template_filter ] --END-- [ RunTime:0.015777s ]
NOTIC: [8] Undefined index: username E:\PHP\xampp\htdocs\Tourist\Runtime\Cache\Home\441bc9cb2be787a26c3d31aeb0854a01.php 第 52 行.
INFO: Run Behavior\ParseTemplateBehavior [ RunTime:0.141993s ]
INFO: [ view_parse ] --END-- [ RunTime:0.142140s ]
INFO: [ view_filter ] --START--
INFO: Run Behavior\WriteHtmlCacheBehavior [ RunTime:0.001784s ]
INFO: [ view_filter ] --END-- [ RunTime:0.001916s ]
INFO: [ app_end ] --START--
INFO: Run Behavior\ShowPageTraceBehavior [ RunTime:0.003869s ]
INFO: [ app_end ] --END-- [ RunTime:0.004101s ]

[ 2016-12-15T09:46:54+08:00 ] ::1 /tourist/index.php/Home/Index/login
INFO: [ app_init ] --START--
INFO: Run Behavior\BuildLiteBehavior [ RunTime:0.000031s ]
INFO: [ app_init ] --END-- [ RunTime:0.001190s ]
INFO: [ app_begin ] --START--
INFO: Run Behavior\ReadHtmlCacheBehavior [ RunTime:0.002129s ]
INFO: [ app_begin ] --END-- [ RunTime:0.002339s ]
SQL: SHOW COLUMNS FROM `user` [ RunTime:0.1661s ]
SQL: SELECT `password` FROM `user` LIMIT 1   [ RunTime:0.0010s ]
INFO: [ app_end ] --START--
INFO: Run Behavior\ShowPageTraceBehavior [ RunTime:0.002034s ]
INFO: [ app_end ] --END-- [ RunTime:0.002139s ]

[ 2016-12-15T09:46:54+08:00 ] ::1 /tourist/
INFO: [ app_init ] --START--
INFO: Run Behavior\BuildLiteBehavior [ RunTime:0.000022s ]
INFO: [ app_init ] --END-- [ RunTime:0.000896s ]
INFO: [ app_begin ] --START--
INFO: Run Behavior\ReadHtmlCacheBehavior [ RunTime:0.001654s ]
INFO: [ app_begin ] --END-- [ RunTime:0.001804s ]
INFO: [ view_parse ] --START--
INFO: [ template_filter ] --START--
INFO: Run Behavior\ContentReplaceBehavior [ RunTime:0.000245s ]
INFO: [ template_filter ] --END-- [ RunTime:0.000358s ]
INFO: Run Behavior\ParseTemplateBehavior [ RunTime:0.019809s ]
INFO: [ view_parse ] --END-- [ RunTime:0.019914s ]
INFO: [ view_filter ] --START--
INFO: Run Behavior\WriteHtmlCacheBehavior [ RunTime:0.000717s ]
INFO: [ view_filter ] --END-- [ RunTime:0.000786s ]
INFO: [ app_end ] --START--
INFO: Run Behavior\ShowPageTraceBehavior [ RunTime:0.001290s ]
INFO: [ app_end ] --END-- [ RunTime:0.001388s ]

[ 2016-12-15T09:46:59+08:00 ] ::1 /tourist/index.php/Home/Travel/popular
INFO: [ app_init ] --START--
INFO: Run Behavior\BuildLiteBehavior [ RunTime:0.000024s ]
INFO: [ app_init ] --END-- [ RunTime:0.001014s ]
INFO: [ app_begin ] --START--
INFO: Run Behavior\ReadHtmlCacheBehavior [ RunTime:0.001719s ]
INFO: [ app_begin ] --END-- [ RunTime:0.001831s ]
INFO: [ view_parse ] --START--
INFO: [ template_filter ] --START--
INFO: Run Behavior\ContentReplaceBehavior [ RunTime:0.000333s ]
INFO: [ template_filter ] --END-- [ RunTime:0.000496s ]
INFO: Run Behavior\ParseTemplateBehavior [ RunTime:0.137900s ]
INFO: [ view_parse ] --END-- [ RunTime:0.138062s ]
INFO: [ view_filter ] --START--
INFO: Run Behavior\WriteHtmlCacheBehavior [ RunTime:0.001998s ]
INFO: [ view_filter ] --END-- [ RunTime:0.002128s ]
INFO: [ app_end ] --START--
INFO: Run Behavior\ShowPageTraceBehavior [ RunTime:0.002628s ]
INFO: [ app_end ] --END-- [ RunTime:0.002799s ]

[ 2016-12-15T09:47:04+08:00 ] ::1 /tourist/index.php/Home/Travel/around
INFO: [ app_init ] --START--
INFO: Run Behavior\BuildLiteBehavior [ RunTime:0.000033s ]
INFO: [ app_init ] --END-- [ RunTime:0.001452s ]
INFO: [ app_begin ] --START--
INFO: Run Behavior\ReadHtmlCacheBehavior [ RunTime:0.001536s ]
INFO: [ app_begin ] --END-- [ RunTime:0.001652s ]
INFO: [ view_parse ] --START--
INFO: [ template_filter ] --START--
INFO: Run Behavior\ContentReplaceBehavior [ RunTime:0.000198s ]
INFO: [ template_filter ] --END-- [ RunTime:0.000363s ]
INFO: Run Behavior\ParseTemplateBehavior [ RunTime:0.054814s ]
INFO: [ view_parse ] --END-- [ RunTime:0.054979s ]
INFO: [ view_filter ] --START--
INFO: Run Behavior\WriteHtmlCacheBehavior [ RunTime:0.000896s ]
INFO: [ view_filter ] --END-- [ RunTime:0.000986s ]
INFO: [ app_end ] --START--
INFO: Run Behavior\ShowPageTraceBehavior [ RunTime:0.001612s ]
INFO: [ app_end ] --END-- [ RunTime:0.001732s ]

[ 2016-12-15T09:47:05+08:00 ] ::1 /tourist/index.php/Home/Travel/getmost/kinds/1.html
INFO: [ app_init ] --START--
INFO: Run Behavior\BuildLiteBehavior [ RunTime:0.000028s ]
INFO: [ app_init ] --END-- [ RunTime:0.001195s ]
INFO: [ app_begin ] --START--
INFO: Run Behavior\ReadHtmlCacheBehavior [ RunTime:0.001190s ]
INFO: [ app_begin ] --END-- [ RunTime:0.001281s ]
SQL: SHOW COLUMNS FROM `routes` [ RunTime:0.2759s ]
SQL: SELECT `id`,`name`,`traveldesc`,`price`,`daynumber`,`traffic`,`livedesc`,`fooddesc`,`liveimg`,`kinds`,`image`,`selectnumber`,`daytimes`,`updatetime` FROM `routes` WHERE `kinds` = 1 ORDER BY selectnumber desc LIMIT 3   [ RunTime:0.0035s ]
INFO: [ app_end ] --START--
INFO: Run Behavior\ShowPageTraceBehavior [ RunTime:0.003654s ]
INFO: [ app_end ] --END-- [ RunTime:0.003808s ]

[ 2016-12-15T09:47:05+08:00 ] ::1 /tourist/index.php/Home/Travel/getroutes/kinds/1.html
INFO: [ app_init ] --START--
INFO: Run Behavior\BuildLiteBehavior [ RunTime:0.000030s ]
INFO: [ app_init ] --END-- [ RunTime:0.001183s ]
INFO: [ app_begin ] --START--
INFO: Run Behavior\ReadHtmlCacheBehavior [ RunTime:0.001278s ]
INFO: [ app_begin ] --END-- [ RunTime:0.001376s ]
SQL: SHOW COLUMNS FROM `routes` [ RunTime:0.0578s ]
SQL: SELECT `id`,`name`,`traveldesc`,`price`,`daynumber`,`traffic`,`livedesc`,`fooddesc`,`liveimg`,`kinds`,`image`,`selectnumber`,`daytimes`,`updatetime` FROM `routes` WHERE `kinds` = 1  [ RunTime:0.0018s ]
INFO: [ app_end ] --START--
INFO: Run Behavior\ShowPageTraceBehavior [ RunTime:0.002048s ]
INFO: [ app_end ] --END-- [ RunTime:0.002180s ]

[ 2016-12-15T09:47:28+08:00 ] ::1 /tourist/index.php/Home/Travel/internal
INFO: [ app_init ] --START--
INFO: Run Behavior\BuildLiteBehavior [ RunTime:0.000027s ]
INFO: [ app_init ] --END-- [ RunTime:0.001196s ]
INFO: [ app_begin ] --START--
INFO: Run Behavior\ReadHtmlCacheBehavior [ RunTime:0.001494s ]
INFO: [ app_begin ] --END-- [ RunTime:0.001620s ]
INFO: [ view_parse ] --START--
INFO: [ template_filter ] --START--
INFO: Run Behavior\ContentReplaceBehavior [ RunTime:0.000157s ]
INFO: [ template_filter ] --END-- [ RunTime:0.000282s ]
INFO: Run Behavior\ParseTemplateBehavior [ RunTime:0.083744s ]
INFO: [ view_parse ] --END-- [ RunTime:0.083938s ]
INFO: [ view_filter ] --START--
INFO: Run Behavior\WriteHtmlCacheBehavior [ RunTime:0.001286s ]
INFO: [ view_filter ] --END-- [ RunTime:0.001412s ]
INFO: [ app_end ] --START--
INFO: Run Behavior\ShowPageTraceBehavior [ RunTime:0.002529s ]
INFO: [ app_end ] --END-- [ RunTime:0.002820s ]

[ 2016-12-15T09:47:29+08:00 ] ::1 /tourist/index.php/Home/Travel/getmost/kinds/2.html
INFO: [ app_init ] --START--
INFO: Run Behavior\BuildLiteBehavior [ RunTime:0.000031s ]
INFO: [ app_init ] --END-- [ RunTime:0.001025s ]
INFO: [ app_begin ] --START--
INFO: Run Behavior\ReadHtmlCacheBehavior [ RunTime:0.001386s ]
INFO: [ app_begin ] --END-- [ RunTime:0.001511s ]
SQL: SHOW COLUMNS FROM `routes` [ RunTime:0.0106s ]
SQL: SELECT `id`,`name`,`traveldesc`,`price`,`daynumber`,`traffic`,`livedesc`,`fooddesc`,`liveimg`,`kinds`,`image`,`selectnumber`,`daytimes`,`updatetime` FROM `routes` WHERE `kinds` = 2 ORDER BY selectnumber desc LIMIT 3   [ RunTime:0.0019s ]
INFO: [ app_end ] --START--
INFO: Run Behavior\ShowPageTraceBehavior [ RunTime:0.002151s ]
INFO: [ app_end ] --END-- [ RunTime:0.002245s ]

[ 2016-12-15T09:47:29+08:00 ] ::1 /tourist/index.php/Home/Travel/getroutes/kinds/2.html
INFO: [ app_init ] --START--
INFO: Run Behavior\BuildLiteBehavior [ RunTime:0.000026s ]
INFO: [ app_init ] --END-- [ RunTime:0.001002s ]
INFO: [ app_begin ] --START--
INFO: Run Behavior\ReadHtmlCacheBehavior [ RunTime:0.001156s ]
INFO: [ app_begin ] --END-- [ RunTime:0.001250s ]
SQL: SHOW COLUMNS FROM `routes` [ RunTime:0.0083s ]
SQL: SELECT `id`,`name`,`traveldesc`,`price`,`daynumber`,`traffic`,`livedesc`,`fooddesc`,`liveimg`,`kinds`,`image`,`selectnumber`,`daytimes`,`updatetime` FROM `routes` WHERE `kinds` = 2  [ RunTime:0.0013s ]
INFO: [ app_end ] --START--
INFO: Run Behavior\ShowPageTraceBehavior [ RunTime:0.001530s ]
INFO: [ app_end ] --END-- [ RunTime:0.001610s ]

[ 2016-12-15T09:47:32+08:00 ] ::1 /tourist/index.php/Home/select/index/routeid/7
INFO: [ app_init ] --START--
INFO: Run Behavior\BuildLiteBehavior [ RunTime:0.000023s ]
INFO: [ app_init ] --END-- [ RunTime:0.000936s ]
INFO: [ app_begin ] --START--
INFO: Run Behavior\ReadHtmlCacheBehavior [ RunTime:0.001438s ]
INFO: [ app_begin ] --END-- [ RunTime:0.001565s ]
INFO: [ view_parse ] --START--
INFO: [ template_filter ] --START--
INFO: Run Behavior\ContentReplaceBehavior [ RunTime:0.000117s ]
INFO: [ template_filter ] --END-- [ RunTime:0.000214s ]
INFO: Run Behavior\ParseTemplateBehavior [ RunTime:0.047289s ]
INFO: [ view_parse ] --END-- [ RunTime:0.047441s ]
INFO: [ view_filter ] --START--
INFO: Run Behavior\WriteHtmlCacheBehavior [ RunTime:0.001231s ]
INFO: [ view_filter ] --END-- [ RunTime:0.001341s ]
INFO: [ app_end ] --START--
INFO: Run Behavior\ShowPageTraceBehavior [ RunTime:0.002378s ]
INFO: [ app_end ] --END-- [ RunTime:0.002552s ]

[ 2016-12-15T09:47:33+08:00 ] ::1 /tourist/index.php/Home/Select/getschemsg?routeid=7
INFO: [ app_init ] --START--
INFO: Run Behavior\BuildLiteBehavior [ RunTime:0.000026s ]
INFO: [ app_init ] --END-- [ RunTime:0.001132s ]
INFO: [ app_begin ] --START--
INFO: Run Behavior\ReadHtmlCacheBehavior [ RunTime:0.001443s ]
INFO: [ app_begin ] --END-- [ RunTime:0.001579s ]
SQL: SHOW COLUMNS FROM `schedule` [ RunTime:0.3049s ]
SQL: SELECT `id`,`routeid`,`daynumber`,`travelimg`,`traveldesc` FROM `schedule` WHERE `routeid` = 7  [ RunTime:0.0343s ]
INFO: [ app_end ] --START--
INFO: Run Behavior\ShowPageTraceBehavior [ RunTime:0.001626s ]
INFO: [ app_end ] --END-- [ RunTime:0.001737s ]

[ 2016-12-15T09:47:33+08:00 ] ::1 /tourist/index.php/Home/Select/getroutemsg?routeid=7
INFO: [ app_init ] --START--
INFO: Run Behavior\BuildLiteBehavior [ RunTime:0.000030s ]
INFO: [ app_init ] --END-- [ RunTime:0.001516s ]
INFO: [ app_begin ] --START--
INFO: Run Behavior\ReadHtmlCacheBehavior [ RunTime:0.001361s ]
INFO: [ app_begin ] --END-- [ RunTime:0.001492s ]
SQL: SHOW COLUMNS FROM `routes` [ RunTime:0.0109s ]
SQL: SELECT `id`,`name`,`traveldesc`,`price`,`daynumber`,`traffic`,`livedesc`,`fooddesc`,`liveimg`,`kinds`,`image`,`selectnumber`,`daytimes`,`updatetime` FROM `routes` WHERE `id` = 7  [ RunTime:0.0015s ]
INFO: [ app_end ] --START--
INFO: Run Behavior\ShowPageTraceBehavior [ RunTime:0.001508s ]
INFO: [ app_end ] --END-- [ RunTime:0.001594s ]

[ 2016-12-15T09:47:39+08:00 ] ::1 /tourist/index.php/Home/Travel/europe
INFO: [ app_init ] --START--
INFO: Run Behavior\BuildLiteBehavior [ RunTime:0.000026s ]
INFO: [ app_init ] --END-- [ RunTime:0.000923s ]
INFO: [ app_begin ] --START--
INFO: Run Behavior\ReadHtmlCacheBehavior [ RunTime:0.001625s ]
INFO: [ app_begin ] --END-- [ RunTime:0.001776s ]
INFO: [ view_parse ] --START--
INFO: [ template_filter ] --START--
INFO: Run Behavior\ContentReplaceBehavior [ RunTime:0.000137s ]
INFO: [ template_filter ] --END-- [ RunTime:0.000319s ]
INFO: Run Behavior\ParseTemplateBehavior [ RunTime:0.118100s ]
INFO: [ view_parse ] --END-- [ RunTime:0.118263s ]
INFO: [ view_filter ] --START--
INFO: Run Behavior\WriteHtmlCacheBehavior [ RunTime:0.001292s ]
INFO: [ view_filter ] --END-- [ RunTime:0.001392s ]
INFO: [ app_end ] --START--
INFO: Run Behavior\ShowPageTraceBehavior [ RunTime:0.001479s ]
INFO: [ app_end ] --END-- [ RunTime:0.001617s ]

[ 2016-12-15T09:47:40+08:00 ] ::1 /tourist/index.php/Home/Travel/getmost/kinds/5.html
INFO: [ app_init ] --START--
INFO: Run Behavior\BuildLiteBehavior [ RunTime:0.000028s ]
INFO: [ app_init ] --END-- [ RunTime:0.001060s ]
INFO: [ app_begin ] --START--
INFO: Run Behavior\ReadHtmlCacheBehavior [ RunTime:0.001654s ]
INFO: [ app_begin ] --END-- [ RunTime:0.001846s ]
SQL: SHOW COLUMNS FROM `routes` [ RunTime:0.0118s ]
SQL: SELECT `id`,`name`,`traveldesc`,`price`,`daynumber`,`traffic`,`livedesc`,`fooddesc`,`liveimg`,`kinds`,`image`,`selectnumber`,`daytimes`,`updatetime` FROM `routes` WHERE `kinds` = 5 ORDER BY selectnumber desc LIMIT 3   [ RunTime:0.0013s ]
INFO: [ app_end ] --START--
INFO: Run Behavior\ShowPageTraceBehavior [ RunTime:0.001900s ]
INFO: [ app_end ] --END-- [ RunTime:0.002025s ]

[ 2016-12-15T09:47:40+08:00 ] ::1 /tourist/index.php/Home/Travel/getroutes/kinds/5.html
INFO: [ app_init ] --START--
INFO: Run Behavior\BuildLiteBehavior [ RunTime:0.000029s ]
INFO: [ app_init ] --END-- [ RunTime:0.001762s ]
INFO: [ app_begin ] --START--
INFO: Run Behavior\ReadHtmlCacheBehavior [ RunTime:0.001327s ]
INFO: [ app_begin ] --END-- [ RunTime:0.001461s ]
SQL: SHOW COLUMNS FROM `routes` [ RunTime:0.0095s ]
SQL: SELECT `id`,`name`,`traveldesc`,`price`,`daynumber`,`traffic`,`livedesc`,`fooddesc`,`liveimg`,`kinds`,`image`,`selectnumber`,`daytimes`,`updatetime` FROM `routes` WHERE `kinds` = 5  [ RunTime:0.0014s ]
INFO: [ app_end ] --START--
INFO: Run Behavior\ShowPageTraceBehavior [ RunTime:0.001592s ]
INFO: [ app_end ] --END-- [ RunTime:0.001686s ]

[ 2016-12-15T09:47:41+08:00 ] ::1 /tourist/index.php/Home/select/index/routeid/24
INFO: [ app_init ] --START--
INFO: Run Behavior\BuildLiteBehavior [ RunTime:0.000037s ]
INFO: [ app_init ] --END-- [ RunTime:0.002194s ]
INFO: [ app_begin ] --START--
INFO: Run Behavior\ReadHtmlCacheBehavior [ RunTime:0.001564s ]
INFO: [ app_begin ] --END-- [ RunTime:0.001689s ]
INFO: [ view_parse ] --START--
INFO: [ template_filter ] --START--
INFO: Run Behavior\ContentReplaceBehavior [ RunTime:0.000134s ]
INFO: [ template_filter ] --END-- [ RunTime:0.000249s ]
INFO: Run Behavior\ParseTemplateBehavior [ RunTime:0.020045s ]
INFO: [ view_parse ] --END-- [ RunTime:0.020173s ]
INFO: [ view_filter ] --START--
INFO: Run Behavior\WriteHtmlCacheBehavior [ RunTime:0.001418s ]
INFO: [ view_filter ] --END-- [ RunTime:0.001520s ]
INFO: [ app_end ] --START--
INFO: Run Behavior\ShowPageTraceBehavior [ RunTime:0.002831s ]
INFO: [ app_end ] --END-- [ RunTime:0.003061s ]

[ 2016-12-15T09:47:42+08:00 ] ::1 /tourist/index.php/Home/Select/getroutemsg?routeid=24
INFO: [ app_init ] --START--
INFO: Run Behavior\BuildLiteBehavior [ RunTime:0.000034s ]
INFO: [ app_init ] --END-- [ RunTime:0.002532s ]
INFO: [ app_begin ] --START--
INFO: Run Behavior\ReadHtmlCacheBehavior [ RunTime:0.001512s ]
INFO: [ app_begin ] --END-- [ RunTime:0.001634s ]
SQL: SHOW COLUMNS FROM `routes` [ RunTime:0.0090s ]
SQL: SELECT `id`,`name`,`traveldesc`,`price`,`daynumber`,`traffic`,`livedesc`,`fooddesc`,`liveimg`,`kinds`,`image`,`selectnumber`,`daytimes`,`updatetime` FROM `routes` WHERE `id` = 24  [ RunTime:0.0011s ]
INFO: [ app_end ] --START--
INFO: Run Behavior\ShowPageTraceBehavior [ RunTime:0.001680s ]
INFO: [ app_end ] --END-- [ RunTime:0.001763s ]

[ 2016-12-15T09:47:42+08:00 ] ::1 /tourist/index.php/Home/Select/getschemsg?routeid=24
INFO: [ app_init ] --START--
INFO: Run Behavior\BuildLiteBehavior [ RunTime:0.000027s ]
INFO: [ app_init ] --END-- [ RunTime:0.001293s ]
INFO: [ app_begin ] --START--
INFO: Run Behavior\ReadHtmlCacheBehavior [ RunTime:0.001110s ]
INFO: [ app_begin ] --END-- [ RunTime:0.001208s ]
SQL: SHOW COLUMNS FROM `schedule` [ RunTime:0.0079s ]
SQL: SELECT `id`,`routeid`,`daynumber`,`travelimg`,`traveldesc` FROM `schedule` WHERE `routeid` = 24  [ RunTime:0.0015s ]
INFO: [ app_end ] --START--
INFO: Run Behavior\ShowPageTraceBehavior [ RunTime:0.001862s ]
INFO: [ app_end ] --END-- [ RunTime:0.001962s ]

[ 2016-12-15T09:47:46+08:00 ] ::1 /tourist/index.php/Home/select/pay/routeid/24
INFO: [ app_init ] --START--
INFO: Run Behavior\BuildLiteBehavior [ RunTime:0.000031s ]
INFO: [ app_init ] --END-- [ RunTime:0.001353s ]
INFO: [ app_begin ] --START--
INFO: Run Behavior\ReadHtmlCacheBehavior [ RunTime:0.001873s ]
INFO: [ app_begin ] --END-- [ RunTime:0.001988s ]
SQL: SHOW COLUMNS FROM `routes` [ RunTime:0.0114s ]
SQL: SELECT `id`,`name`,`traveldesc`,`price`,`daynumber`,`traffic`,`livedesc`,`fooddesc`,`liveimg`,`kinds`,`image`,`selectnumber`,`daytimes`,`updatetime` FROM `routes` WHERE `id` = 24  [ RunTime:0.0012s ]
INFO: [ view_parse ] --START--
INFO: [ template_filter ] --START--
INFO: Run Behavior\ContentReplaceBehavior [ RunTime:0.000145s ]
INFO: [ template_filter ] --END-- [ RunTime:0.000272s ]
INFO: Run Behavior\ParseTemplateBehavior [ RunTime:0.060498s ]
INFO: [ view_parse ] --END-- [ RunTime:0.060653s ]
INFO: [ view_filter ] --START--
INFO: Run Behavior\WriteHtmlCacheBehavior [ RunTime:0.002093s ]
INFO: [ view_filter ] --END-- [ RunTime:0.002237s ]
INFO: [ app_end ] --START--
INFO: Run Behavior\ShowPageTraceBehavior [ RunTime:0.002380s ]
INFO: [ app_end ] --END-- [ RunTime:0.002532s ]

[ 2016-12-15T09:49:10+08:00 ] ::1 /tourist/index.php/Home/Travel/austra
INFO: [ app_init ] --START--
INFO: Run Behavior\BuildLiteBehavior [ RunTime:0.000027s ]
INFO: [ app_init ] --END-- [ RunTime:0.000962s ]
INFO: [ app_begin ] --START--
INFO: Run Behavior\ReadHtmlCacheBehavior [ RunTime:0.001638s ]
INFO: [ app_begin ] --END-- [ RunTime:0.001825s ]
INFO: [ view_parse ] --START--
INFO: [ template_filter ] --START--
INFO: Run Behavior\ContentReplaceBehavior [ RunTime:0.000138s ]
INFO: [ template_filter ] --END-- [ RunTime:0.000240s ]
INFO: Run Behavior\ParseTemplateBehavior [ RunTime:0.039953s ]
INFO: [ view_parse ] --END-- [ RunTime:0.040063s ]
INFO: [ view_filter ] --START--
INFO: Run Behavior\WriteHtmlCacheBehavior [ RunTime:0.000792s ]
INFO: [ view_filter ] --END-- [ RunTime:0.000862s ]
INFO: [ app_end ] --START--
INFO: Run Behavior\ShowPageTraceBehavior [ RunTime:0.001987s ]
INFO: [ app_end ] --END-- [ RunTime:0.002104s ]

[ 2016-12-15T09:49:10+08:00 ] ::1 /tourist/index.php/Home/Travel/getmost/kinds/7.html
INFO: [ app_init ] --START--
INFO: Run Behavior\BuildLiteBehavior [ RunTime:0.000034s ]
INFO: [ app_init ] --END-- [ RunTime:0.001367s ]
INFO: [ app_begin ] --START--
INFO: Run Behavior\ReadHtmlCacheBehavior [ RunTime:0.001228s ]
INFO: [ app_begin ] --END-- [ RunTime:0.001354s ]
SQL: SHOW COLUMNS FROM `routes` [ RunTime:0.0110s ]
SQL: SELECT `id`,`name`,`traveldesc`,`price`,`daynumber`,`traffic`,`livedesc`,`fooddesc`,`liveimg`,`kinds`,`image`,`selectnumber`,`daytimes`,`updatetime` FROM `routes` WHERE `kinds` = 7 ORDER BY selectnumber desc LIMIT 3   [ RunTime:0.0012s ]
INFO: [ app_end ] --START--
INFO: Run Behavior\ShowPageTraceBehavior [ RunTime:0.002347s ]
INFO: [ app_end ] --END-- [ RunTime:0.002472s ]

[ 2016-12-15T09:49:11+08:00 ] ::1 /tourist/index.php/Home/Travel/getroutes/kinds/7.html
INFO: [ app_init ] --START--
INFO: Run Behavior\BuildLiteBehavior [ RunTime:0.000032s ]
INFO: [ app_init ] --END-- [ RunTime:0.003570s ]
INFO: [ app_begin ] --START--
INFO: Run Behavior\ReadHtmlCacheBehavior [ RunTime:0.001634s ]
INFO: [ app_begin ] --END-- [ RunTime:0.001751s ]
SQL: SHOW COLUMNS FROM `routes` [ RunTime:0.0114s ]
SQL: SELECT `id`,`name`,`traveldesc`,`price`,`daynumber`,`traffic`,`livedesc`,`fooddesc`,`liveimg`,`kinds`,`image`,`selectnumber`,`daytimes`,`updatetime` FROM `routes` WHERE `kinds` = 7  [ RunTime:0.0012s ]
INFO: [ app_end ] --START--
INFO: Run Behavior\ShowPageTraceBehavior [ RunTime:0.001744s ]
INFO: [ app_end ] --END-- [ RunTime:0.001871s ]

[ 2016-12-15T09:51:22+08:00 ] ::1 /tourist/
INFO: [ app_init ] --START--
INFO: Run Behavior\BuildLiteBehavior [ RunTime:0.000027s ]
INFO: [ app_init ] --END-- [ RunTime:0.001078s ]
INFO: [ app_begin ] --START--
INFO: Run Behavior\ReadHtmlCacheBehavior [ RunTime:0.001615s ]
INFO: [ app_begin ] --END-- [ RunTime:0.001724s ]
INFO: [ view_parse ] --START--
INFO: [ template_filter ] --START--
INFO: Run Behavior\ContentReplaceBehavior [ RunTime:0.000260s ]
INFO: [ template_filter ] --END-- [ RunTime:0.000389s ]
INFO: Run Behavior\ParseTemplateBehavior [ RunTime:0.026251s ]
INFO: [ view_parse ] --END-- [ RunTime:0.026394s ]
INFO: [ view_filter ] --START--
INFO: Run Behavior\WriteHtmlCacheBehavior [ RunTime:0.001212s ]
INFO: [ view_filter ] --END-- [ RunTime:0.001368s ]
INFO: [ app_end ] --START--
INFO: Run Behavior\ShowPageTraceBehavior [ RunTime:0.001943s ]
INFO: [ app_end ] --END-- [ RunTime:0.002052s ]

[ 2016-12-15T09:51:48+08:00 ] ::1 /tourist/index.php/Home/Travel/popular
INFO: [ app_init ] --START--
INFO: Run Behavior\BuildLiteBehavior [ RunTime:0.000032s ]
INFO: [ app_init ] --END-- [ RunTime:0.001482s ]
INFO: [ app_begin ] --START--
INFO: Run Behavior\ReadHtmlCacheBehavior [ RunTime:0.001909s ]
INFO: [ app_begin ] --END-- [ RunTime:0.002024s ]
INFO: [ view_parse ] --START--
INFO: [ template_filter ] --START--
INFO: Run Behavior\ContentReplaceBehavior [ RunTime:0.000260s ]
INFO: [ template_filter ] --END-- [ RunTime:0.000417s ]
INFO: Run Behavior\ParseTemplateBehavior [ RunTime:0.028566s ]
INFO: [ view_parse ] --END-- [ RunTime:0.028716s ]
INFO: [ view_filter ] --START--
INFO: Run Behavior\WriteHtmlCacheBehavior [ RunTime:0.001534s ]
INFO: [ view_filter ] --END-- [ RunTime:0.001628s ]
INFO: [ app_end ] --START--
INFO: Run Behavior\ShowPageTraceBehavior [ RunTime:0.001874s ]
INFO: [ app_end ] --END-- [ RunTime:0.002000s ]

[ 2016-12-15T09:52:31+08:00 ] ::1 /tourist/index.php/Home/Travel/harbor
INFO: [ app_init ] --START--
INFO: Run Behavior\BuildLiteBehavior [ RunTime:0.000043s ]
INFO: [ app_init ] --END-- [ RunTime:0.001847s ]
INFO: [ app_begin ] --START--
INFO: Run Behavior\ReadHtmlCacheBehavior [ RunTime:0.002358s ]
INFO: [ app_begin ] --END-- [ RunTime:0.002550s ]
INFO: [ view_parse ] --START--
INFO: [ template_filter ] --START--
INFO: Run Behavior\ContentReplaceBehavior [ RunTime:0.000237s ]
INFO: [ template_filter ] --END-- [ RunTime:0.000408s ]
INFO: Run Behavior\ParseTemplateBehavior [ RunTime:0.067380s ]
INFO: [ view_parse ] --END-- [ RunTime:0.067570s ]
INFO: [ view_filter ] --START--
INFO: Run Behavior\WriteHtmlCacheBehavior [ RunTime:0.001336s ]
INFO: [ view_filter ] --END-- [ RunTime:0.001457s ]
INFO: [ app_end ] --START--
INFO: Run Behavior\ShowPageTraceBehavior [ RunTime:0.002394s ]
INFO: [ app_end ] --END-- [ RunTime:0.002573s ]

[ 2016-12-15T09:52:32+08:00 ] ::1 /tourist/index.php/Home/Travel/getmost/kinds/3.html
INFO: [ app_init ] --START--
INFO: Run Behavior\BuildLiteBehavior [ RunTime:0.000033s ]
INFO: [ app_init ] --END-- [ RunTime:0.001260s ]
INFO: [ app_begin ] --START--
INFO: Run Behavior\ReadHtmlCacheBehavior [ RunTime:0.001508s ]
INFO: [ app_begin ] --END-- [ RunTime:0.001637s ]
SQL: SHOW COLUMNS FROM `routes` [ RunTime:0.0135s ]
SQL: SELECT `id`,`name`,`traveldesc`,`price`,`daynumber`,`traffic`,`livedesc`,`fooddesc`,`liveimg`,`kinds`,`image`,`selectnumber`,`daytimes`,`updatetime` FROM `routes` WHERE `kinds` = 3 ORDER BY selectnumber desc LIMIT 3   [ RunTime:0.0020s ]
INFO: [ app_end ] --START--
INFO: Run Behavior\ShowPageTraceBehavior [ RunTime:0.004505s ]
INFO: [ app_end ] --END-- [ RunTime:0.004703s ]

[ 2016-12-15T09:52:32+08:00 ] ::1 /tourist/index.php/Home/Travel/getroutes/kinds/3.html
INFO: [ app_init ] --START--
INFO: Run Behavior\BuildLiteBehavior [ RunTime:0.000024s ]
INFO: [ app_init ] --END-- [ RunTime:0.001042s ]
INFO: [ app_begin ] --START--
INFO: Run Behavior\ReadHtmlCacheBehavior [ RunTime:0.001633s ]
INFO: [ app_begin ] --END-- [ RunTime:0.001754s ]
SQL: SHOW COLUMNS FROM `routes` [ RunTime:0.0107s ]
SQL: SELECT `id`,`name`,`traveldesc`,`price`,`daynumber`,`traffic`,`livedesc`,`fooddesc`,`liveimg`,`kinds`,`image`,`selectnumber`,`daytimes`,`updatetime` FROM `routes` WHERE `kinds` = 3  [ RunTime:0.0013s ]
INFO: [ app_end ] --START--
INFO: Run Behavior\ShowPageTraceBehavior [ RunTime:0.003252s ]
INFO: [ app_end ] --END-- [ RunTime:0.003419s ]

[ 2016-12-15T09:58:22+08:00 ] ::1 /tourist/
INFO: [ app_init ] --START--
INFO: Run Behavior\BuildLiteBehavior [ RunTime:0.000025s ]
INFO: [ app_init ] --END-- [ RunTime:0.001002s ]
INFO: [ app_begin ] --START--
INFO: Run Behavior\ReadHtmlCacheBehavior [ RunTime:0.001601s ]
INFO: [ app_begin ] --END-- [ RunTime:0.001698s ]
INFO: [ view_parse ] --START--
INFO: [ template_filter ] --START--
INFO: Run Behavior\ContentReplaceBehavior [ RunTime:0.000249s ]
INFO: [ template_filter ] --END-- [ RunTime:0.000349s ]
INFO: Run Behavior\ParseTemplateBehavior [ RunTime:0.023238s ]
INFO: [ view_parse ] --END-- [ RunTime:0.023368s ]
INFO: [ view_filter ] --START--
INFO: Run Behavior\WriteHtmlCacheBehavior [ RunTime:0.001057s ]
INFO: [ view_filter ] --END-- [ RunTime:0.001129s ]
INFO: [ app_end ] --START--
INFO: Run Behavior\ShowPageTraceBehavior [ RunTime:0.001540s ]
INFO: [ app_end ] --END-- [ RunTime:0.001634s ]

[ 2016-12-15T09:58:29+08:00 ] ::1 /tourist/index.php/Home/Travel/internal
INFO: [ app_init ] --START--
INFO: Run Behavior\BuildLiteBehavior [ RunTime:0.000031s ]
INFO: [ app_init ] --END-- [ RunTime:0.001851s ]
INFO: [ app_begin ] --START--
INFO: Run Behavior\ReadHtmlCacheBehavior [ RunTime:0.001698s ]
INFO: [ app_begin ] --END-- [ RunTime:0.001833s ]
INFO: [ view_parse ] --START--
INFO: [ template_filter ] --START--
INFO: Run Behavior\ContentReplaceBehavior [ RunTime:0.000156s ]
INFO: [ template_filter ] --END-- [ RunTime:0.000283s ]
INFO: Run Behavior\ParseTemplateBehavior [ RunTime:0.022405s ]
INFO: [ view_parse ] --END-- [ RunTime:0.022540s ]
INFO: [ view_filter ] --START--
INFO: Run Behavior\WriteHtmlCacheBehavior [ RunTime:0.001381s ]
INFO: [ view_filter ] --END-- [ RunTime:0.001477s ]
INFO: [ app_end ] --START--
INFO: Run Behavior\ShowPageTraceBehavior [ RunTime:0.001701s ]
INFO: [ app_end ] --END-- [ RunTime:0.001811s ]

[ 2016-12-15T09:58:29+08:00 ] ::1 /tourist/index.php/Home/Travel/getmost/kinds/2.html
INFO: [ app_init ] --START--
INFO: Run Behavior\BuildLiteBehavior [ RunTime:0.000102s ]
INFO: [ app_init ] --END-- [ RunTime:0.001703s ]
INFO: [ app_begin ] --START--
INFO: Run Behavior\ReadHtmlCacheBehavior [ RunTime:0.001742s ]
INFO: [ app_begin ] --END-- [ RunTime:0.001868s ]
SQL: SHOW COLUMNS FROM `routes` [ RunTime:0.0102s ]
SQL: SELECT `id`,`name`,`traveldesc`,`price`,`daynumber`,`traffic`,`livedesc`,`fooddesc`,`liveimg`,`kinds`,`image`,`selectnumber`,`daytimes`,`updatetime` FROM `routes` WHERE `kinds` = 2 ORDER BY selectnumber desc LIMIT 3   [ RunTime:0.0010s ]
INFO: [ app_end ] --START--
INFO: Run Behavior\ShowPageTraceBehavior [ RunTime:0.001387s ]
INFO: [ app_end ] --END-- [ RunTime:0.001473s ]

[ 2016-12-15T09:58:29+08:00 ] ::1 /tourist/index.php/Home/Travel/getroutes/kinds/2.html
INFO: [ app_init ] --START--
INFO: Run Behavior\BuildLiteBehavior [ RunTime:0.000030s ]
INFO: [ app_init ] --END-- [ RunTime:0.001538s ]
INFO: [ app_begin ] --START--
INFO: Run Behavior\ReadHtmlCacheBehavior [ RunTime:0.001880s ]
INFO: [ app_begin ] --END-- [ RunTime:0.002003s ]
SQL: SHOW COLUMNS FROM `routes` [ RunTime:0.0088s ]
SQL: SELECT `id`,`name`,`traveldesc`,`price`,`daynumber`,`traffic`,`livedesc`,`fooddesc`,`liveimg`,`kinds`,`image`,`selectnumber`,`daytimes`,`updatetime` FROM `routes` WHERE `kinds` = 2  [ RunTime:0.0011s ]
INFO: [ app_end ] --START--
INFO: Run Behavior\ShowPageTraceBehavior [ RunTime:0.002164s ]
INFO: [ app_end ] --END-- [ RunTime:0.002270s ]

[ 2016-12-15T09:58:35+08:00 ] ::1 /tourist/index.php/Home/Travel/popular
INFO: [ app_init ] --START--
INFO: Run Behavior\BuildLiteBehavior [ RunTime:0.000037s ]
INFO: [ app_init ] --END-- [ RunTime:0.001582s ]
INFO: [ app_begin ] --START--
INFO: Run Behavior\ReadHtmlCacheBehavior [ RunTime:0.001894s ]
INFO: [ app_begin ] --END-- [ RunTime:0.002048s ]
INFO: [ view_parse ] --START--
INFO: [ template_filter ] --START--
INFO: Run Behavior\ContentReplaceBehavior [ RunTime:0.000200s ]
INFO: [ template_filter ] --END-- [ RunTime:0.000308s ]
INFO: Run Behavior\ParseTemplateBehavior [ RunTime:0.022529s ]
INFO: [ view_parse ] --END-- [ RunTime:0.022650s ]
INFO: [ view_filter ] --START--
INFO: Run Behavior\WriteHtmlCacheBehavior [ RunTime:0.001000s ]
INFO: [ view_filter ] --END-- [ RunTime:0.001073s ]
INFO: [ app_end ] --START--
INFO: Run Behavior\ShowPageTraceBehavior [ RunTime:0.001335s ]
INFO: [ app_end ] --END-- [ RunTime:0.001437s ]

[ 2016-12-15T10:02:07+08:00 ] ::1 /tourist/index.php/Home/Travel/popular
INFO: [ app_init ] --START--
INFO: Run Behavior\BuildLiteBehavior [ RunTime:0.000031s ]
INFO: [ app_init ] --END-- [ RunTime:0.001225s ]
INFO: [ app_begin ] --START--
INFO: Run Behavior\ReadHtmlCacheBehavior [ RunTime:0.001449s ]
INFO: [ app_begin ] --END-- [ RunTime:0.001546s ]
INFO: [ view_parse ] --START--
INFO: [ template_filter ] --START--
INFO: Run Behavior\ContentReplaceBehavior [ RunTime:0.000153s ]
INFO: [ template_filter ] --END-- [ RunTime:0.000272s ]
INFO: Run Behavior\ParseTemplateBehavior [ RunTime:0.020823s ]
INFO: [ view_parse ] --END-- [ RunTime:0.020956s ]
INFO: [ view_filter ] --START--
INFO: Run Behavior\WriteHtmlCacheBehavior [ RunTime:0.001554s ]
INFO: [ view_filter ] --END-- [ RunTime:0.001665s ]
INFO: [ app_end ] --START--
INFO: Run Behavior\ShowPageTraceBehavior [ RunTime:0.002270s ]
INFO: [ app_end ] --END-- [ RunTime:0.002408s ]

[ 2016-12-15T10:02:08+08:00 ] ::1 /tourist/index.php/Home/Travel/getmost/kinds/0.html
INFO: [ app_init ] --START--
INFO: Run Behavior\BuildLiteBehavior [ RunTime:0.000030s ]
INFO: [ app_init ] --END-- [ RunTime:0.001979s ]
INFO: [ app_begin ] --START--
INFO: Run Behavior\ReadHtmlCacheBehavior [ RunTime:0.001172s ]
INFO: [ app_begin ] --END-- [ RunTime:0.001269s ]
INFO: [ app_end ] --START--
INFO: Run Behavior\ShowPageTraceBehavior [ RunTime:0.001408s ]
INFO: [ app_end ] --END-- [ RunTime:0.001526s ]

[ 2016-12-15T10:02:08+08:00 ] ::1 /tourist/index.php/Home/Travel/getroutes/kinds/0.html
INFO: [ app_init ] --START--
INFO: Run Behavior\BuildLiteBehavior [ RunTime:0.000032s ]
INFO: [ app_init ] --END-- [ RunTime:0.001715s ]
INFO: [ app_begin ] --START--
INFO: Run Behavior\ReadHtmlCacheBehavior [ RunTime:0.001765s ]
INFO: [ app_begin ] --END-- [ RunTime:0.001896s ]
SQL: SHOW COLUMNS FROM `routes` [ RunTime:0.0088s ]
SQL: SELECT `id`,`name`,`traveldesc`,`price`,`daynumber`,`traffic`,`livedesc`,`fooddesc`,`liveimg`,`kinds`,`image`,`selectnumber`,`daytimes`,`updatetime` FROM `routes` WHERE `kinds` = 0  [ RunTime:0.0013s ]
INFO: [ app_end ] --START--
INFO: Run Behavior\ShowPageTraceBehavior [ RunTime:0.001812s ]
INFO: [ app_end ] --END-- [ RunTime:0.001921s ]

[ 2016-12-15T10:02:33+08:00 ] ::1 /tourist/index.php/Home/Travel/popular
INFO: [ app_init ] --START--
INFO: Run Behavior\BuildLiteBehavior [ RunTime:0.000044s ]
INFO: [ app_init ] --END-- [ RunTime:0.002123s ]
INFO: [ app_begin ] --START--
INFO: Run Behavior\ReadHtmlCacheBehavior [ RunTime:0.002353s ]
INFO: [ app_begin ] --END-- [ RunTime:0.002596s ]
INFO: [ view_parse ] --START--
INFO: [ template_filter ] --START--
INFO: Run Behavior\ContentReplaceBehavior [ RunTime:0.000236s ]
INFO: [ template_filter ] --END-- [ RunTime:0.000407s ]
NOTIC: [8] Undefined index: username E:\PHP\xampp\htdocs\Tourist\Runtime\Cache\Home\9482fc8ef47295a66e9ea6d97952fa96.php 第 15 行.
INFO: Run Behavior\ParseTemplateBehavior [ RunTime:0.032115s ]
INFO: [ view_parse ] --END-- [ RunTime:0.032290s ]
INFO: [ view_filter ] --START--
INFO: Run Behavior\WriteHtmlCacheBehavior [ RunTime:0.001755s ]
INFO: [ view_filter ] --END-- [ RunTime:0.001882s ]
INFO: [ app_end ] --START--
INFO: Run Behavior\ShowPageTraceBehavior [ RunTime:0.002348s ]
INFO: [ app_end ] --END-- [ RunTime:0.002504s ]

[ 2016-12-15T10:02:35+08:00 ] ::1 /tourist/index.php/Home/Travel/getmost/kinds/0.html
INFO: [ app_init ] --START--
INFO: Run Behavior\BuildLiteBehavior [ RunTime:0.000040s ]
INFO: [ app_init ] --END-- [ RunTime:0.002195s ]
INFO: [ app_begin ] --START--
INFO: Run Behavior\ReadHtmlCacheBehavior [ RunTime:0.001326s ]
INFO: [ app_begin ] --END-- [ RunTime:0.001439s ]
INFO: [ app_end ] --START--
INFO: Run Behavior\ShowPageTraceBehavior [ RunTime:0.001464s ]
INFO: [ app_end ] --END-- [ RunTime:0.001575s ]

[ 2016-12-15T10:02:35+08:00 ] ::1 /tourist/index.php/Home/Travel/getroutes/kinds/0.html
INFO: [ app_init ] --START--
INFO: Run Behavior\BuildLiteBehavior [ RunTime:0.000033s ]
INFO: [ app_init ] --END-- [ RunTime:0.002802s ]
INFO: [ app_begin ] --START--
INFO: Run Behavior\ReadHtmlCacheBehavior [ RunTime:0.001986s ]
INFO: [ app_begin ] --END-- [ RunTime:0.002115s ]
SQL: SHOW COLUMNS FROM `routes` [ RunTime:0.0095s ]
SQL: SELECT `id`,`name`,`traveldesc`,`price`,`daynumber`,`traffic`,`livedesc`,`fooddesc`,`liveimg`,`kinds`,`image`,`selectnumber`,`daytimes`,`updatetime` FROM `routes` WHERE `kinds` = 0  [ RunTime:0.0009s ]
INFO: [ app_end ] --START--
INFO: Run Behavior\ShowPageTraceBehavior [ RunTime:0.001645s ]
INFO: [ app_end ] --END-- [ RunTime:0.001753s ]

[ 2016-12-15T10:04:12+08:00 ] ::1 /tourist/index.php/Home/Travel/popular
INFO: [ app_init ] --START--
INFO: Run Behavior\BuildLiteBehavior [ RunTime:0.000039s ]
INFO: [ app_init ] --END-- [ RunTime:0.002384s ]
INFO: [ app_begin ] --START--
INFO: Run Behavior\ReadHtmlCacheBehavior [ RunTime:0.002006s ]
INFO: [ app_begin ] --END-- [ RunTime:0.002152s ]
INFO: [ view_parse ] --START--
INFO: [ template_filter ] --START--
INFO: Run Behavior\ContentReplaceBehavior [ RunTime:0.000194s ]
INFO: [ template_filter ] --END-- [ RunTime:0.000352s ]
NOTIC: [8] Undefined index: username E:\PHP\xampp\htdocs\Tourist\Runtime\Cache\Home\9482fc8ef47295a66e9ea6d97952fa96.php 第 15 行.
INFO: Run Behavior\ParseTemplateBehavior [ RunTime:0.026575s ]
INFO: [ view_parse ] --END-- [ RunTime:0.026718s ]
INFO: [ view_filter ] --START--
INFO: Run Behavior\WriteHtmlCacheBehavior [ RunTime:0.001350s ]
INFO: [ view_filter ] --END-- [ RunTime:0.001439s ]
INFO: [ app_end ] --START--
INFO: Run Behavior\ShowPageTraceBehavior [ RunTime:0.001655s ]
INFO: [ app_end ] --END-- [ RunTime:0.001748s ]

[ 2016-12-15T10:04:12+08:00 ] ::1 /tourist/index.php/Home/Travel/getroutes/kinds/0.html
INFO: [ app_init ] --START--
INFO: Run Behavior\BuildLiteBehavior [ RunTime:0.000036s ]
INFO: [ app_init ] --END-- [ RunTime:0.001994s ]
INFO: [ app_begin ] --START--
INFO: Run Behavior\ReadHtmlCacheBehavior [ RunTime:0.001954s ]
INFO: [ app_begin ] --END-- [ RunTime:0.002076s ]
SQL: SHOW COLUMNS FROM `routes` [ RunTime:0.0105s ]
SQL: SELECT `id`,`name`,`traveldesc`,`price`,`daynumber`,`traffic`,`livedesc`,`fooddesc`,`liveimg`,`kinds`,`image`,`selectnumber`,`daytimes`,`updatetime` FROM `routes` WHERE `kinds` = 0  [ RunTime:0.0016s ]
INFO: [ app_end ] --START--
INFO: Run Behavior\ShowPageTraceBehavior [ RunTime:0.002179s ]
INFO: [ app_end ] --END-- [ RunTime:0.002332s ]

[ 2016-12-15T10:04:12+08:00 ] ::1 /tourist/index.php/Home/Travel/getmost/kinds/0.html
INFO: [ app_init ] --START--
INFO: Run Behavior\BuildLiteBehavior [ RunTime:0.000033s ]
INFO: [ app_init ] --END-- [ RunTime:0.002025s ]
INFO: [ app_begin ] --START--
INFO: Run Behavior\ReadHtmlCacheBehavior [ RunTime:0.002170s ]
INFO: [ app_begin ] --END-- [ RunTime:0.002392s ]
SQL: SHOW COLUMNS FROM `routes` [ RunTime:0.0084s ]
SQL: SELECT `id`,`name`,`traveldesc`,`price`,`daynumber`,`traffic`,`livedesc`,`fooddesc`,`liveimg`,`kinds`,`image`,`selectnumber`,`daytimes`,`updatetime` FROM `routes` ORDER BY selectnumber desc LIMIT 3   [ RunTime:0.0009s ]
INFO: [ app_end ] --START--
INFO: Run Behavior\ShowPageTraceBehavior [ RunTime:0.001836s ]
INFO: [ app_end ] --END-- [ RunTime:0.001941s ]

[ 2016-12-15T10:05:00+08:00 ] ::1 /tourist/index.php/Home/Travel/popular
INFO: [ app_init ] --START--
INFO: Run Behavior\BuildLiteBehavior [ RunTime:0.000029s ]
INFO: [ app_init ] --END-- [ RunTime:0.001111s ]
INFO: [ app_begin ] --START--
INFO: Run Behavior\ReadHtmlCacheBehavior [ RunTime:0.002032s ]
INFO: [ app_begin ] --END-- [ RunTime:0.002137s ]
INFO: [ view_parse ] --START--
INFO: [ template_filter ] --START--
INFO: Run Behavior\ContentReplaceBehavior [ RunTime:0.000143s ]
INFO: [ template_filter ] --END-- [ RunTime:0.000249s ]
INFO: Run Behavior\ParseTemplateBehavior [ RunTime:0.020051s ]
INFO: [ view_parse ] --END-- [ RunTime:0.020172s ]
INFO: [ view_filter ] --START--
INFO: Run Behavior\WriteHtmlCacheBehavior [ RunTime:0.001602s ]
INFO: [ view_filter ] --END-- [ RunTime:0.001707s ]
INFO: [ app_end ] --START--
INFO: Run Behavior\ShowPageTraceBehavior [ RunTime:0.001727s ]
INFO: [ app_end ] --END-- [ RunTime:0.001817s ]

[ 2016-12-15T10:05:01+08:00 ] ::1 /tourist/index.php/Home/Travel/getmost/kinds/0.html
INFO: [ app_init ] --START--
INFO: Run Behavior\BuildLiteBehavior [ RunTime:0.000028s ]
INFO: [ app_init ] --END-- [ RunTime:0.001275s ]
INFO: [ app_begin ] --START--
INFO: Run Behavior\ReadHtmlCacheBehavior [ RunTime:0.001477s ]
INFO: [ app_begin ] --END-- [ RunTime:0.001604s ]
SQL: SHOW COLUMNS FROM `routes` [ RunTime:0.0111s ]
SQL: SELECT `id`,`name`,`traveldesc`,`price`,`daynumber`,`traffic`,`livedesc`,`fooddesc`,`liveimg`,`kinds`,`image`,`selectnumber`,`daytimes`,`updatetime` FROM `routes` ORDER BY selectnumber desc LIMIT 3   [ RunTime:0.0022s ]
INFO: [ app_end ] --START--
INFO: Run Behavior\ShowPageTraceBehavior [ RunTime:0.002249s ]
INFO: [ app_end ] --END-- [ RunTime:0.002371s ]

[ 2016-12-15T10:05:01+08:00 ] ::1 /tourist/index.php/Home/Travel/getroutes/kinds/0.html
INFO: [ app_init ] --START--
INFO: Run Behavior\BuildLiteBehavior [ RunTime:0.000029s ]
INFO: [ app_init ] --END-- [ RunTime:0.001513s ]
INFO: [ app_begin ] --START--
INFO: Run Behavior\ReadHtmlCacheBehavior [ RunTime:0.001603s ]
INFO: [ app_begin ] --END-- [ RunTime:0.001717s ]
SQL: SHOW COLUMNS FROM `routes` [ RunTime:0.0085s ]
SQL: SELECT `id`,`name`,`traveldesc`,`price`,`daynumber`,`traffic`,`livedesc`,`fooddesc`,`liveimg`,`kinds`,`image`,`selectnumber`,`daytimes`,`updatetime` FROM `routes`  [ RunTime:0.0017s ]
INFO: [ app_end ] --START--
INFO: Run Behavior\ShowPageTraceBehavior [ RunTime:0.002091s ]
INFO: [ app_end ] --END-- [ RunTime:0.002305s ]

[ 2016-12-15T10:05:22+08:00 ] ::1 /tourist/index.php/Home/select/index/routeid/4
INFO: [ app_init ] --START--
INFO: Run Behavior\BuildLiteBehavior [ RunTime:0.000062s ]
INFO: [ app_init ] --END-- [ RunTime:0.002590s ]
INFO: [ app_begin ] --START--
INFO: Run Behavior\ReadHtmlCacheBehavior [ RunTime:0.002152s ]
INFO: [ app_begin ] --END-- [ RunTime:0.002314s ]
INFO: [ view_parse ] --START--
INFO: [ template_filter ] --START--
INFO: Run Behavior\ContentReplaceBehavior [ RunTime:0.000153s ]
INFO: [ template_filter ] --END-- [ RunTime:0.000277s ]
INFO: Run Behavior\ParseTemplateBehavior [ RunTime:0.026987s ]
INFO: [ view_parse ] --END-- [ RunTime:0.027286s ]
INFO: [ view_filter ] --START--
INFO: Run Behavior\WriteHtmlCacheBehavior [ RunTime:0.001174s ]
INFO: [ view_filter ] --END-- [ RunTime:0.001265s ]
INFO: [ app_end ] --START--
INFO: Run Behavior\ShowPageTraceBehavior [ RunTime:0.001537s ]
INFO: [ app_end ] --END-- [ RunTime:0.001632s ]

[ 2016-12-15T10:05:23+08:00 ] ::1 /tourist/index.php/Home/Select/getroutemsg?routeid=4
INFO: [ app_init ] --START--
INFO: Run Behavior\BuildLiteBehavior [ RunTime:0.000025s ]
INFO: [ app_init ] --END-- [ RunTime:0.001134s ]
INFO: [ app_begin ] --START--
INFO: Run Behavior\ReadHtmlCacheBehavior [ RunTime:0.001342s ]
INFO: [ app_begin ] --END-- [ RunTime:0.001435s ]
SQL: SHOW COLUMNS FROM `routes` [ RunTime:0.0097s ]
SQL: SELECT `id`,`name`,`traveldesc`,`price`,`daynumber`,`traffic`,`livedesc`,`fooddesc`,`liveimg`,`kinds`,`image`,`selectnumber`,`daytimes`,`updatetime` FROM `routes` WHERE `id` = 4  [ RunTime:0.0010s ]
INFO: [ app_end ] --START--
INFO: Run Behavior\ShowPageTraceBehavior [ RunTime:0.001598s ]
INFO: [ app_end ] --END-- [ RunTime:0.001706s ]

[ 2016-12-15T10:05:23+08:00 ] ::1 /tourist/index.php/Home/Select/getschemsg?routeid=4
INFO: [ app_init ] --START--
INFO: Run Behavior\BuildLiteBehavior [ RunTime:0.000031s ]
INFO: [ app_init ] --END-- [ RunTime:0.001554s ]
INFO: [ app_begin ] --START--
INFO: Run Behavior\ReadHtmlCacheBehavior [ RunTime:0.002146s ]
INFO: [ app_begin ] --END-- [ RunTime:0.002504s ]
SQL: SHOW COLUMNS FROM `schedule` [ RunTime:0.0101s ]
SQL: SELECT `id`,`routeid`,`daynumber`,`travelimg`,`traveldesc` FROM `schedule` WHERE `routeid` = 4  [ RunTime:0.0011s ]
INFO: [ app_end ] --START--
INFO: Run Behavior\ShowPageTraceBehavior [ RunTime:0.001832s ]
INFO: [ app_end ] --END-- [ RunTime:0.001916s ]

[ 2016-12-15T10:05:26+08:00 ] ::1 /tourist/index.php/Home/select/pay/routeid/4
INFO: [ app_init ] --START--
INFO: Run Behavior\BuildLiteBehavior [ RunTime:0.000026s ]
INFO: [ app_init ] --END-- [ RunTime:0.001326s ]
INFO: [ app_begin ] --START--
INFO: Run Behavior\ReadHtmlCacheBehavior [ RunTime:0.001233s ]
INFO: [ app_begin ] --END-- [ RunTime:0.001328s ]
SQL: SHOW COLUMNS FROM `routes` [ RunTime:0.0090s ]
SQL: SELECT `id`,`name`,`traveldesc`,`price`,`daynumber`,`traffic`,`livedesc`,`fooddesc`,`liveimg`,`kinds`,`image`,`selectnumber`,`daytimes`,`updatetime` FROM `routes` WHERE `id` = 4  [ RunTime:0.0008s ]
INFO: [ view_parse ] --START--
INFO: [ template_filter ] --START--
INFO: Run Behavior\ContentReplaceBehavior [ RunTime:0.000120s ]
INFO: [ template_filter ] --END-- [ RunTime:0.000233s ]
INFO: Run Behavior\ParseTemplateBehavior [ RunTime:0.017014s ]
INFO: [ view_parse ] --END-- [ RunTime:0.017124s ]
INFO: [ view_filter ] --START--
INFO: Run Behavior\WriteHtmlCacheBehavior [ RunTime:0.000953s ]
INFO: [ view_filter ] --END-- [ RunTime:0.001026s ]
INFO: [ app_end ] --START--
INFO: Run Behavior\ShowPageTraceBehavior [ RunTime:0.001160s ]
INFO: [ app_end ] --END-- [ RunTime:0.001241s ]

[ 2016-12-15T10:16:49+08:00 ] ::1 /tourist/index.php/Home/select/pay/routeid/4
INFO: [ app_init ] --START--
INFO: Run Behavior\BuildLiteBehavior [ RunTime:0.000027s ]
INFO: [ app_init ] --END-- [ RunTime:0.001011s ]
INFO: [ app_begin ] --START--
INFO: Run Behavior\ReadHtmlCacheBehavior [ RunTime:0.001584s ]
INFO: [ app_begin ] --END-- [ RunTime:0.001694s ]
SQL: SHOW COLUMNS FROM `routes` [ RunTime:0.0084s ]
SQL: SELECT `id`,`name`,`traveldesc`,`price`,`daynumber`,`traffic`,`livedesc`,`fooddesc`,`liveimg`,`kinds`,`image`,`selectnumber`,`daytimes`,`updatetime` FROM `routes` WHERE `id` = 4  [ RunTime:0.0013s ]
INFO: [ view_parse ] --START--
INFO: [ template_filter ] --START--
INFO: Run Behavior\ContentReplaceBehavior [ RunTime:0.000133s ]
INFO: [ template_filter ] --END-- [ RunTime:0.000259s ]
INFO: Run Behavior\ParseTemplateBehavior [ RunTime:0.016227s ]
INFO: [ view_parse ] --END-- [ RunTime:0.016419s ]
INFO: [ view_filter ] --START--
INFO: Run Behavior\WriteHtmlCacheBehavior [ RunTime:0.001200s ]
INFO: [ view_filter ] --END-- [ RunTime:0.001285s ]
INFO: [ app_end ] --START--
INFO: Run Behavior\ShowPageTraceBehavior [ RunTime:0.001788s ]
INFO: [ app_end ] --END-- [ RunTime:0.001887s ]

[ 2016-12-15T10:17:55+08:00 ] ::1 /tourist/index.php/Home/select/pay/routeid/4
INFO: [ app_init ] --START--
INFO: Run Behavior\BuildLiteBehavior [ RunTime:0.000025s ]
INFO: [ app_init ] --END-- [ RunTime:0.000895s ]
INFO: [ app_begin ] --START--
INFO: Run Behavior\ReadHtmlCacheBehavior [ RunTime:0.001056s ]
INFO: [ app_begin ] --END-- [ RunTime:0.001134s ]
SQL: SHOW COLUMNS FROM `routes` [ RunTime:0.0109s ]
SQL: SELECT `id`,`name`,`traveldesc`,`price`,`daynumber`,`traffic`,`livedesc`,`fooddesc`,`liveimg`,`kinds`,`image`,`selectnumber`,`daytimes`,`updatetime` FROM `routes` WHERE `id` = 4  [ RunTime:0.0015s ]
INFO: [ view_parse ] --START--
INFO: [ template_filter ] --START--
INFO: Run Behavior\ContentReplaceBehavior [ RunTime:0.000121s ]
INFO: [ template_filter ] --END-- [ RunTime:0.000229s ]
INFO: Run Behavior\ParseTemplateBehavior [ RunTime:0.017071s ]
INFO: [ view_parse ] --END-- [ RunTime:0.017180s ]
INFO: [ view_filter ] --START--
INFO: Run Behavior\WriteHtmlCacheBehavior [ RunTime:0.000857s ]
INFO: [ view_filter ] --END-- [ RunTime:0.000926s ]
INFO: [ app_end ] --START--
INFO: Run Behavior\ShowPageTraceBehavior [ RunTime:0.001176s ]
INFO: [ app_end ] --END-- [ RunTime:0.001248s ]

[ 2016-12-15T10:18:31+08:00 ] ::1 /tourist/index.php/Home/select/pay/routeid/4
INFO: [ app_init ] --START--
INFO: Run Behavior\BuildLiteBehavior [ RunTime:0.000025s ]
INFO: [ app_init ] --END-- [ RunTime:0.001045s ]
INFO: [ app_begin ] --START--
INFO: Run Behavior\ReadHtmlCacheBehavior [ RunTime:0.001241s ]
INFO: [ app_begin ] --END-- [ RunTime:0.001342s ]
SQL: SHOW COLUMNS FROM `routes` [ RunTime:0.0084s ]
SQL: SELECT `id`,`name`,`traveldesc`,`price`,`daynumber`,`traffic`,`livedesc`,`fooddesc`,`liveimg`,`kinds`,`image`,`selectnumber`,`daytimes`,`updatetime` FROM `routes` WHERE `id` = 4  [ RunTime:0.0006s ]
INFO: [ view_parse ] --START--
INFO: [ template_filter ] --START--
INFO: Run Behavior\ContentReplaceBehavior [ RunTime:0.000141s ]
INFO: [ template_filter ] --END-- [ RunTime:0.000270s ]
INFO: Run Behavior\ParseTemplateBehavior [ RunTime:0.017897s ]
INFO: [ view_parse ] --END-- [ RunTime:0.018016s ]
INFO: [ view_filter ] --START--
INFO: Run Behavior\WriteHtmlCacheBehavior [ RunTime:0.000847s ]
INFO: [ view_filter ] --END-- [ RunTime:0.000927s ]
INFO: [ app_end ] --START--
INFO: Run Behavior\ShowPageTraceBehavior [ RunTime:0.001522s ]
INFO: [ app_end ] --END-- [ RunTime:0.001626s ]

[ 2016-12-15T10:19:08+08:00 ] ::1 /tourist/index.php/Home/select/pay/routeid/4
INFO: [ app_init ] --START--
INFO: Run Behavior\BuildLiteBehavior [ RunTime:0.000025s ]
INFO: [ app_init ] --END-- [ RunTime:0.001000s ]
INFO: [ app_begin ] --START--
INFO: Run Behavior\ReadHtmlCacheBehavior [ RunTime:0.002108s ]
INFO: [ app_begin ] --END-- [ RunTime:0.002215s ]
SQL: SHOW COLUMNS FROM `routes` [ RunTime:0.0088s ]
SQL: SELECT `id`,`name`,`traveldesc`,`price`,`daynumber`,`traffic`,`livedesc`,`fooddesc`,`liveimg`,`kinds`,`image`,`selectnumber`,`daytimes`,`updatetime` FROM `routes` WHERE `id` = 4  [ RunTime:0.0010s ]
INFO: [ view_parse ] --START--
INFO: [ template_filter ] --START--
INFO: Run Behavior\ContentReplaceBehavior [ RunTime:0.000136s ]
INFO: [ template_filter ] --END-- [ RunTime:0.000262s ]
INFO: Run Behavior\ParseTemplateBehavior [ RunTime:0.018635s ]
INFO: [ view_parse ] --END-- [ RunTime:0.018761s ]
INFO: [ view_filter ] --START--
INFO: Run Behavior\WriteHtmlCacheBehavior [ RunTime:0.001036s ]
INFO: [ view_filter ] --END-- [ RunTime:0.001112s ]
INFO: [ app_end ] --START--
INFO: Run Behavior\ShowPageTraceBehavior [ RunTime:0.001588s ]
INFO: [ app_end ] --END-- [ RunTime:0.001669s ]

[ 2016-12-15T10:20:58+08:00 ] ::1 /tourist/index.php/Home/select/pay/routeid/4
INFO: [ app_init ] --START--
INFO: Run Behavior\BuildLiteBehavior [ RunTime:0.000027s ]
INFO: [ app_init ] --END-- [ RunTime:0.001111s ]
INFO: [ app_begin ] --START--
INFO: Run Behavior\ReadHtmlCacheBehavior [ RunTime:0.001287s ]
INFO: [ app_begin ] --END-- [ RunTime:0.001390s ]
SQL: SHOW COLUMNS FROM `routes` [ RunTime:0.0279s ]
SQL: SELECT `id`,`name`,`traveldesc`,`price`,`daynumber`,`traffic`,`livedesc`,`fooddesc`,`liveimg`,`kinds`,`image`,`selectnumber`,`daytimes`,`updatetime` FROM `routes` WHERE `id` = 4  [ RunTime:0.0009s ]
INFO: [ view_parse ] --START--
INFO: [ template_filter ] --START--
INFO: Run Behavior\ContentReplaceBehavior [ RunTime:0.000126s ]
INFO: [ template_filter ] --END-- [ RunTime:0.000241s ]
INFO: Run Behavior\ParseTemplateBehavior [ RunTime:0.015722s ]
INFO: [ view_parse ] --END-- [ RunTime:0.015827s ]
INFO: [ view_filter ] --START--
INFO: Run Behavior\WriteHtmlCacheBehavior [ RunTime:0.000880s ]
INFO: [ view_filter ] --END-- [ RunTime:0.000951s ]
INFO: [ app_end ] --START--
INFO: Run Behavior\ShowPageTraceBehavior [ RunTime:0.001416s ]
INFO: [ app_end ] --END-- [ RunTime:0.001494s ]

[ 2016-12-15T10:38:08+08:00 ] ::1 /tourist/
INFO: [ app_init ] --START--
INFO: Run Behavior\BuildLiteBehavior [ RunTime:0.000038s ]
INFO: [ app_init ] --END-- [ RunTime:0.001771s ]
INFO: [ app_begin ] --START--
INFO: Run Behavior\ReadHtmlCacheBehavior [ RunTime:0.002219s ]
INFO: [ app_begin ] --END-- [ RunTime:0.002400s ]
INFO: [ view_parse ] --START--
INFO: [ template_filter ] --START--
INFO: Run Behavior\ContentReplaceBehavior [ RunTime:0.000307s ]
INFO: [ template_filter ] --END-- [ RunTime:0.000433s ]
INFO: Run Behavior\ParseTemplateBehavior [ RunTime:0.028466s ]
INFO: [ view_parse ] --END-- [ RunTime:0.028619s ]
INFO: [ view_filter ] --START--
INFO: Run Behavior\WriteHtmlCacheBehavior [ RunTime:0.001796s ]
INFO: [ view_filter ] --END-- [ RunTime:0.001919s ]
INFO: [ app_end ] --START--
INFO: Run Behavior\ShowPageTraceBehavior [ RunTime:0.002215s ]
INFO: [ app_end ] --END-- [ RunTime:0.002365s ]

[ 2016-12-15T10:48:11+08:00 ] ::1 /tourist/index.php/Home/select/pay/routeid/4
INFO: [ app_init ] --START--
INFO: Run Behavior\BuildLiteBehavior [ RunTime:0.000042s ]
INFO: [ app_init ] --END-- [ RunTime:0.001828s ]
INFO: [ app_begin ] --START--
INFO: Run Behavior\ReadHtmlCacheBehavior [ RunTime:0.001801s ]
INFO: [ app_begin ] --END-- [ RunTime:0.001943s ]
SQL: SHOW COLUMNS FROM `routes` [ RunTime:0.0093s ]
SQL: SELECT `id`,`name`,`traveldesc`,`price`,`daynumber`,`traffic`,`livedesc`,`fooddesc`,`liveimg`,`kinds`,`image`,`selectnumber`,`daytimes`,`updatetime` FROM `routes` WHERE `id` = 4  [ RunTime:0.0013s ]
INFO: [ view_parse ] --START--
INFO: [ template_filter ] --START--
INFO: Run Behavior\ContentReplaceBehavior [ RunTime:0.000113s ]
INFO: [ template_filter ] --END-- [ RunTime:0.000292s ]
INFO: Run Behavior\ParseTemplateBehavior [ RunTime:0.016481s ]
INFO: [ view_parse ] --END-- [ RunTime:0.016664s ]
INFO: [ view_filter ] --START--
INFO: Run Behavior\WriteHtmlCacheBehavior [ RunTime:0.001308s ]
INFO: [ view_filter ] --END-- [ RunTime:0.001397s ]
INFO: [ app_end ] --START--
INFO: Run Behavior\ShowPageTraceBehavior [ RunTime:0.001355s ]
INFO: [ app_end ] --END-- [ RunTime:0.001432s ]

[ 2016-12-15T10:48:19+08:00 ] ::1 /tourist/index.php/Home/select/pay/routeid/4
INFO: [ app_init ] --START--
INFO: Run Behavior\BuildLiteBehavior [ RunTime:0.000027s ]
INFO: [ app_init ] --END-- [ RunTime:0.001010s ]
INFO: [ app_begin ] --START--
INFO: Run Behavior\ReadHtmlCacheBehavior [ RunTime:0.001423s ]
INFO: [ app_begin ] --END-- [ RunTime:0.001534s ]
SQL: SHOW COLUMNS FROM `routes` [ RunTime:0.0095s ]
SQL: SELECT `id`,`name`,`traveldesc`,`price`,`daynumber`,`traffic`,`livedesc`,`fooddesc`,`liveimg`,`kinds`,`image`,`selectnumber`,`daytimes`,`updatetime` FROM `routes` WHERE `id` = 4  [ RunTime:0.0011s ]
INFO: [ view_parse ] --START--
INFO: [ template_filter ] --START--
INFO: Run Behavior\ContentReplaceBehavior [ RunTime:0.000101s ]
INFO: [ template_filter ] --END-- [ RunTime:0.000198s ]
INFO: Run Behavior\ParseTemplateBehavior [ RunTime:0.015195s ]
INFO: [ view_parse ] --END-- [ RunTime:0.015390s ]
INFO: [ view_filter ] --START--
INFO: Run Behavior\WriteHtmlCacheBehavior [ RunTime:0.000713s ]
INFO: [ view_filter ] --END-- [ RunTime:0.000782s ]
INFO: [ app_end ] --START--
INFO: Run Behavior\ShowPageTraceBehavior [ RunTime:0.001044s ]
INFO: [ app_end ] --END-- [ RunTime:0.001117s ]

[ 2016-12-15T10:48:54+08:00 ] ::1 /tourist/index.php/Home/select/pay/routeid/4
INFO: [ app_init ] --START--
INFO: Run Behavior\BuildLiteBehavior [ RunTime:0.000030s ]
INFO: [ app_init ] --END-- [ RunTime:0.001286s ]
INFO: [ app_begin ] --START--
INFO: Run Behavior\ReadHtmlCacheBehavior [ RunTime:0.003507s ]
INFO: [ app_begin ] --END-- [ RunTime:0.004100s ]
SQL: SHOW COLUMNS FROM `routes` [ RunTime:0.0096s ]
SQL: SELECT `id`,`name`,`traveldesc`,`price`,`daynumber`,`traffic`,`livedesc`,`fooddesc`,`liveimg`,`kinds`,`image`,`selectnumber`,`daytimes`,`updatetime` FROM `routes` WHERE `id` = 4  [ RunTime:0.0010s ]
INFO: [ view_parse ] --START--
INFO: [ template_filter ] --START--
INFO: Run Behavior\ContentReplaceBehavior [ RunTime:0.000100s ]
INFO: [ template_filter ] --END-- [ RunTime:0.000200s ]
INFO: Run Behavior\ParseTemplateBehavior [ RunTime:0.017174s ]
INFO: [ view_parse ] --END-- [ RunTime:0.017297s ]
INFO: [ view_filter ] --START--
INFO: Run Behavior\WriteHtmlCacheBehavior [ RunTime:0.001424s ]
INFO: [ view_filter ] --END-- [ RunTime:0.001544s ]
INFO: [ app_end ] --START--
INFO: Run Behavior\ShowPageTraceBehavior [ RunTime:0.002007s ]
INFO: [ app_end ] --END-- [ RunTime:0.002116s ]

[ 2016-12-15T10:49:01+08:00 ] ::1 /tourist/index.php/Home/select/pay/routeid/4
INFO: [ app_init ] --START--
INFO: Run Behavior\BuildLiteBehavior [ RunTime:0.000031s ]
INFO: [ app_init ] --END-- [ RunTime:0.001233s ]
INFO: [ app_begin ] --START--
INFO: Run Behavior\ReadHtmlCacheBehavior [ RunTime:0.001523s ]
INFO: [ app_begin ] --END-- [ RunTime:0.001651s ]
SQL: SHOW COLUMNS FROM `routes` [ RunTime:0.0119s ]
SQL: SELECT `id`,`name`,`traveldesc`,`price`,`daynumber`,`traffic`,`livedesc`,`fooddesc`,`liveimg`,`kinds`,`image`,`selectnumber`,`daytimes`,`updatetime` FROM `routes` WHERE `id` = 4  [ RunTime:0.0014s ]
INFO: [ view_parse ] --START--
INFO: [ template_filter ] --START--
INFO: Run Behavior\ContentReplaceBehavior [ RunTime:0.000221s ]
INFO: [ template_filter ] --END-- [ RunTime:0.000403s ]
INFO: Run Behavior\ParseTemplateBehavior [ RunTime:0.019669s ]
INFO: [ view_parse ] --END-- [ RunTime:0.019808s ]
INFO: [ view_filter ] --START--
INFO: Run Behavior\WriteHtmlCacheBehavior [ RunTime:0.001045s ]
INFO: [ view_filter ] --END-- [ RunTime:0.001139s ]
INFO: [ app_end ] --START--
INFO: Run Behavior\ShowPageTraceBehavior [ RunTime:0.001724s ]
INFO: [ app_end ] --END-- [ RunTime:0.001907s ]

[ 2016-12-15T10:50:19+08:00 ] ::1 /tourist/index.php/Home/select/pay/routeid/4
INFO: [ app_init ] --START--
INFO: Run Behavior\BuildLiteBehavior [ RunTime:0.000036s ]
INFO: [ app_init ] --END-- [ RunTime:0.001339s ]
INFO: [ app_begin ] --START--
INFO: Run Behavior\ReadHtmlCacheBehavior [ RunTime:0.001912s ]
INFO: [ app_begin ] --END-- [ RunTime:0.002068s ]
SQL: SHOW COLUMNS FROM `routes` [ RunTime:0.0110s ]
SQL: SELECT `id`,`name`,`traveldesc`,`price`,`daynumber`,`traffic`,`livedesc`,`fooddesc`,`liveimg`,`kinds`,`image`,`selectnumber`,`daytimes`,`updatetime` FROM `routes` WHERE `id` = 4  [ RunTime:0.0016s ]
INFO: [ view_parse ] --START--
INFO: [ template_filter ] --START--
INFO: Run Behavior\ContentReplaceBehavior [ RunTime:0.000141s ]
INFO: [ template_filter ] --END-- [ RunTime:0.000291s ]
INFO: Run Behavior\ParseTemplateBehavior [ RunTime:0.019690s ]
INFO: [ view_parse ] --END-- [ RunTime:0.019825s ]
INFO: [ view_filter ] --START--
INFO: Run Behavior\WriteHtmlCacheBehavior [ RunTime:0.001050s ]
INFO: [ view_filter ] --END-- [ RunTime:0.001149s ]
INFO: [ app_end ] --START--
INFO: Run Behavior\ShowPageTraceBehavior [ RunTime:0.001443s ]
INFO: [ app_end ] --END-- [ RunTime:0.001562s ]

[ 2016-12-15T10:51:43+08:00 ] ::1 /tourist/index.php/Home/select/pay/routeid/4
INFO: [ app_init ] --START--
INFO: Run Behavior\BuildLiteBehavior [ RunTime:0.000040s ]
INFO: [ app_init ] --END-- [ RunTime:0.001393s ]
INFO: [ app_begin ] --START--
INFO: Run Behavior\ReadHtmlCacheBehavior [ RunTime:0.002048s ]
INFO: [ app_begin ] --END-- [ RunTime:0.002234s ]
SQL: SHOW COLUMNS FROM `routes` [ RunTime:0.0084s ]
SQL: SELECT `id`,`name`,`traveldesc`,`price`,`daynumber`,`traffic`,`livedesc`,`fooddesc`,`liveimg`,`kinds`,`image`,`selectnumber`,`daytimes`,`updatetime` FROM `routes` WHERE `id` = 4  [ RunTime:0.0008s ]
INFO: [ view_parse ] --START--
INFO: [ template_filter ] --START--
INFO: Run Behavior\ContentReplaceBehavior [ RunTime:0.000137s ]
INFO: [ template_filter ] --END-- [ RunTime:0.000256s ]
INFO: Run Behavior\ParseTemplateBehavior [ RunTime:0.015429s ]
INFO: [ view_parse ] --END-- [ RunTime:0.015536s ]
INFO: [ view_filter ] --START--
INFO: Run Behavior\WriteHtmlCacheBehavior [ RunTime:0.001048s ]
INFO: [ view_filter ] --END-- [ RunTime:0.001128s ]
INFO: [ app_end ] --START--
INFO: Run Behavior\ShowPageTraceBehavior [ RunTime:0.002201s ]
INFO: [ app_end ] --END-- [ RunTime:0.002337s ]

[ 2016-12-15T10:52:48+08:00 ] ::1 /tourist/index.php/Home/select/pay/routeid/4
INFO: [ app_init ] --START--
INFO: Run Behavior\BuildLiteBehavior [ RunTime:0.000029s ]
INFO: [ app_init ] --END-- [ RunTime:0.001003s ]
INFO: [ app_begin ] --START--
INFO: Run Behavior\ReadHtmlCacheBehavior [ RunTime:0.001597s ]
INFO: [ app_begin ] --END-- [ RunTime:0.001726s ]
SQL: SHOW COLUMNS FROM `routes` [ RunTime:0.0092s ]
SQL: SELECT `id`,`name`,`traveldesc`,`price`,`daynumber`,`traffic`,`livedesc`,`fooddesc`,`liveimg`,`kinds`,`image`,`selectnumber`,`daytimes`,`updatetime` FROM `routes` WHERE `id` = 4  [ RunTime:0.0009s ]
INFO: [ view_parse ] --START--
INFO: [ template_filter ] --START--
INFO: Run Behavior\ContentReplaceBehavior [ RunTime:0.000110s ]
INFO: [ template_filter ] --END-- [ RunTime:0.000220s ]
INFO: Run Behavior\ParseTemplateBehavior [ RunTime:0.016349s ]
INFO: [ view_parse ] --END-- [ RunTime:0.016467s ]
INFO: [ view_filter ] --START--
INFO: Run Behavior\WriteHtmlCacheBehavior [ RunTime:0.001215s ]
INFO: [ view_filter ] --END-- [ RunTime:0.001291s ]
INFO: [ app_end ] --START--
INFO: Run Behavior\ShowPageTraceBehavior [ RunTime:0.001106s ]
INFO: [ app_end ] --END-- [ RunTime:0.001186s ]

[ 2016-12-15T10:53:51+08:00 ] ::1 /tourist/index.php/Home/select/pay/routeid/4
INFO: [ app_init ] --START--
INFO: Run Behavior\BuildLiteBehavior [ RunTime:0.000239s ]
INFO: [ app_init ] --END-- [ RunTime:0.001676s ]
INFO: [ app_begin ] --START--
INFO: Run Behavior\ReadHtmlCacheBehavior [ RunTime:0.001574s ]
INFO: [ app_begin ] --END-- [ RunTime:0.001689s ]
SQL: SHOW COLUMNS FROM `routes` [ RunTime:0.0098s ]
SQL: SELECT `id`,`name`,`traveldesc`,`price`,`daynumber`,`traffic`,`livedesc`,`fooddesc`,`liveimg`,`kinds`,`image`,`selectnumber`,`daytimes`,`updatetime` FROM `routes` WHERE `id` = 4  [ RunTime:0.0009s ]
INFO: [ view_parse ] --START--
INFO: [ template_filter ] --START--
INFO: Run Behavior\ContentReplaceBehavior [ RunTime:0.000103s ]
INFO: [ template_filter ] --END-- [ RunTime:0.000206s ]
INFO: Run Behavior\ParseTemplateBehavior [ RunTime:0.015636s ]
INFO: [ view_parse ] --END-- [ RunTime:0.015769s ]
INFO: [ view_filter ] --START--
INFO: Run Behavior\WriteHtmlCacheBehavior [ RunTime:0.001268s ]
INFO: [ view_filter ] --END-- [ RunTime:0.001348s ]
INFO: [ app_end ] --START--
INFO: Run Behavior\ShowPageTraceBehavior [ RunTime:0.001457s ]
INFO: [ app_end ] --END-- [ RunTime:0.001538s ]

[ 2016-12-15T11:03:12+08:00 ] ::1 /tourist/index.php/Home/select/pay/routeid/4
INFO: [ app_init ] --START--
INFO: Run Behavior\BuildLiteBehavior [ RunTime:0.000029s ]
INFO: [ app_init ] --END-- [ RunTime:0.001179s ]
INFO: [ app_begin ] --START--
INFO: Run Behavior\ReadHtmlCacheBehavior [ RunTime:0.001793s ]
INFO: [ app_begin ] --END-- [ RunTime:0.001918s ]
SQL: SHOW COLUMNS FROM `routes` [ RunTime:0.0103s ]
SQL: SELECT `id`,`name`,`traveldesc`,`price`,`daynumber`,`traffic`,`livedesc`,`fooddesc`,`liveimg`,`kinds`,`image`,`selectnumber`,`daytimes`,`updatetime` FROM `routes` WHERE `id` = 4  [ RunTime:0.0009s ]
INFO: [ view_parse ] --START--
INFO: [ template_filter ] --START--
INFO: Run Behavior\ContentReplaceBehavior [ RunTime:0.000105s ]
INFO: [ template_filter ] --END-- [ RunTime:0.000212s ]
INFO: Run Behavior\ParseTemplateBehavior [ RunTime:0.020281s ]
INFO: [ view_parse ] --END-- [ RunTime:0.020394s ]
INFO: [ view_filter ] --START--
INFO: Run Behavior\WriteHtmlCacheBehavior [ RunTime:0.000949s ]
INFO: [ view_filter ] --END-- [ RunTime:0.001071s ]
INFO: [ app_end ] --START--
INFO: Run Behavior\ShowPageTraceBehavior [ RunTime:0.001341s ]
INFO: [ app_end ] --END-- [ RunTime:0.001413s ]

[ 2016-12-15T11:08:59+08:00 ] ::1 /tourist/index.php/Home/select/pay/routeid/4
INFO: [ app_init ] --START--
INFO: Run Behavior\BuildLiteBehavior [ RunTime:0.000028s ]
INFO: [ app_init ] --END-- [ RunTime:0.001057s ]
INFO: [ app_begin ] --START--
INFO: Run Behavior\ReadHtmlCacheBehavior [ RunTime:0.002484s ]
INFO: [ app_begin ] --END-- [ RunTime:0.002688s ]
SQL: SHOW COLUMNS FROM `routes` [ RunTime:0.0100s ]
SQL: SELECT `id`,`name`,`traveldesc`,`price`,`daynumber`,`traffic`,`livedesc`,`fooddesc`,`liveimg`,`kinds`,`image`,`selectnumber`,`daytimes`,`updatetime` FROM `routes` WHERE `id` = 4  [ RunTime:0.0007s ]
INFO: [ view_parse ] --START--
INFO: [ template_filter ] --START--
INFO: Run Behavior\ContentReplaceBehavior [ RunTime:0.000110s ]
INFO: [ template_filter ] --END-- [ RunTime:0.000225s ]
INFO: Run Behavior\ParseTemplateBehavior [ RunTime:0.018316s ]
INFO: [ view_parse ] --END-- [ RunTime:0.018440s ]
INFO: [ view_filter ] --START--
INFO: Run Behavior\WriteHtmlCacheBehavior [ RunTime:0.001000s ]
INFO: [ view_filter ] --END-- [ RunTime:0.001146s ]
INFO: [ app_end ] --START--
INFO: Run Behavior\ShowPageTraceBehavior [ RunTime:0.001365s ]
INFO: [ app_end ] --END-- [ RunTime:0.001446s ]

[ 2016-12-15T11:09:08+08:00 ] ::1 /tourist/index.php/Home/Select/addorder
INFO: [ app_init ] --START--
INFO: Run Behavior\BuildLiteBehavior [ RunTime:0.000164s ]
INFO: [ app_init ] --END-- [ RunTime:0.002183s ]
INFO: [ app_begin ] --START--
INFO: Run Behavior\ReadHtmlCacheBehavior [ RunTime:0.002205s ]
INFO: [ app_begin ] --END-- [ RunTime:0.002375s ]
INFO: [ app_end ] --START--
INFO: Run Behavior\ShowPageTraceBehavior [ RunTime:0.002507s ]
INFO: [ app_end ] --END-- [ RunTime:0.002681s ]

[ 2016-12-15T11:09:13+08:00 ] ::1 /tourist/index.php/Home/select/pay/routeid/4
INFO: [ app_init ] --START--
INFO: Run Behavior\BuildLiteBehavior [ RunTime:0.000034s ]
INFO: [ app_init ] --END-- [ RunTime:0.001400s ]
INFO: [ app_begin ] --START--
INFO: Run Behavior\ReadHtmlCacheBehavior [ RunTime:0.001297s ]
INFO: [ app_begin ] --END-- [ RunTime:0.001397s ]
SQL: SHOW COLUMNS FROM `routes` [ RunTime:0.0122s ]
SQL: SELECT `id`,`name`,`traveldesc`,`price`,`daynumber`,`traffic`,`livedesc`,`fooddesc`,`liveimg`,`kinds`,`image`,`selectnumber`,`daytimes`,`updatetime` FROM `routes` WHERE `id` = 4  [ RunTime:0.0015s ]
INFO: [ view_parse ] --START--
INFO: [ template_filter ] --START--
INFO: Run Behavior\ContentReplaceBehavior [ RunTime:0.000135s ]
INFO: [ template_filter ] --END-- [ RunTime:0.000273s ]
INFO: Run Behavior\ParseTemplateBehavior [ RunTime:0.021656s ]
INFO: [ view_parse ] --END-- [ RunTime:0.021815s ]
INFO: [ view_filter ] --START--
INFO: Run Behavior\WriteHtmlCacheBehavior [ RunTime:0.001646s ]
INFO: [ view_filter ] --END-- [ RunTime:0.001770s ]
INFO: [ app_end ] --START--
INFO: Run Behavior\ShowPageTraceBehavior [ RunTime:0.001611s ]
INFO: [ app_end ] --END-- [ RunTime:0.001716s ]

[ 2016-12-15T19:21:22+08:00 ] ::1 /tourist/index.php/Home/select/pay/routeid/4
INFO: [ app_init ] --START--
INFO: Run Behavior\BuildLiteBehavior [ RunTime:0.000021s ]
INFO: [ app_init ] --END-- [ RunTime:0.001033s ]
INFO: [ app_begin ] --START--
INFO: Run Behavior\ReadHtmlCacheBehavior [ RunTime:0.001748s ]
INFO: [ app_begin ] --END-- [ RunTime:0.001861s ]

[ 2016-12-15T19:21:36+08:00 ] ::1 /tourist/index.php/Home/Select/getroutemsg?routeid=4
INFO: [ app_init ] --START--
INFO: Run Behavior\BuildLiteBehavior [ RunTime:0.000024s ]
INFO: [ app_init ] --END-- [ RunTime:0.000897s ]
INFO: [ app_begin ] --START--
INFO: Run Behavior\ReadHtmlCacheBehavior [ RunTime:0.003142s ]
INFO: [ app_begin ] --END-- [ RunTime:0.003277s ]

[ 2016-12-15T19:21:36+08:00 ] ::1 /tourist/index.php/Home/Select/getschemsg?routeid=4
INFO: [ app_init ] --START--
INFO: Run Behavior\BuildLiteBehavior [ RunTime:0.000030s ]
INFO: [ app_init ] --END-- [ RunTime:0.001683s ]
INFO: [ app_begin ] --START--
INFO: Run Behavior\ReadHtmlCacheBehavior [ RunTime:0.003272s ]
INFO: [ app_begin ] --END-- [ RunTime:0.003434s ]

[ 2016-12-15T19:21:38+08:00 ] ::1 /tourist/index.php/Home/select/pay/routeid/
INFO: [ app_init ] --START--
INFO: Run Behavior\BuildLiteBehavior [ RunTime:0.000034s ]
INFO: [ app_init ] --END-- [ RunTime:0.001330s ]
INFO: [ app_begin ] --START--
INFO: Run Behavior\ReadHtmlCacheBehavior [ RunTime:0.001618s ]
INFO: [ app_begin ] --END-- [ RunTime:0.001706s ]

[ 2016-12-15T19:21:58+08:00 ] ::1 /tourist/index.php/Home/Select/getroutemsg?routeid=4
INFO: [ app_init ] --START--
INFO: Run Behavior\BuildLiteBehavior [ RunTime:0.000038s ]
INFO: [ app_init ] --END-- [ RunTime:0.002283s ]
INFO: [ app_begin ] --START--
INFO: Run Behavior\ReadHtmlCacheBehavior [ RunTime:0.001931s ]
INFO: [ app_begin ] --END-- [ RunTime:0.002021s ]

[ 2016-12-15T19:21:58+08:00 ] ::1 /tourist/index.php/Home/Select/getschemsg?routeid=4
INFO: [ app_init ] --START--
INFO: Run Behavior\BuildLiteBehavior [ RunTime:0.000040s ]
INFO: [ app_init ] --END-- [ RunTime:0.001889s ]
INFO: [ app_begin ] --START--
INFO: Run Behavior\ReadHtmlCacheBehavior [ RunTime:0.002651s ]
INFO: [ app_begin ] --END-- [ RunTime:0.003108s ]

[ 2016-12-15T19:22:14+08:00 ] ::1 /tourist/
INFO: [ app_init ] --START--
INFO: Run Behavior\BuildLiteBehavior [ RunTime:0.000021s ]
INFO: [ app_init ] --END-- [ RunTime:0.001002s ]
INFO: [ app_begin ] --START--
INFO: Run Behavior\ReadHtmlCacheBehavior [ RunTime:0.001352s ]
INFO: [ app_begin ] --END-- [ RunTime:0.001420s ]
INFO: [ view_parse ] --START--
INFO: [ template_filter ] --START--
INFO: Run Behavior\ContentReplaceBehavior [ RunTime:0.000172s ]
INFO: [ template_filter ] --END-- [ RunTime:0.000246s ]
INFO: Run Behavior\ParseTemplateBehavior [ RunTime:0.049592s ]
INFO: [ view_parse ] --END-- [ RunTime:0.049687s ]
INFO: [ view_filter ] --START--
INFO: Run Behavior\WriteHtmlCacheBehavior [ RunTime:0.001362s ]
INFO: [ view_filter ] --END-- [ RunTime:0.001430s ]
INFO: [ app_end ] --START--
INFO: Run Behavior\ShowPageTraceBehavior [ RunTime:0.001717s ]
INFO: [ app_end ] --END-- [ RunTime:0.001804s ]

[ 2016-12-15T19:22:28+08:00 ] ::1 /tourist/index.php/Home/Travel/europe
INFO: [ app_init ] --START--
INFO: Run Behavior\BuildLiteBehavior [ RunTime:0.000021s ]
INFO: [ app_init ] --END-- [ RunTime:0.000959s ]
INFO: [ app_begin ] --START--
INFO: Run Behavior\ReadHtmlCacheBehavior [ RunTime:0.001625s ]
INFO: [ app_begin ] --END-- [ RunTime:0.001714s ]
INFO: [ view_parse ] --START--
INFO: [ template_filter ] --START--
INFO: Run Behavior\ContentReplaceBehavior [ RunTime:0.000095s ]
INFO: [ template_filter ] --END-- [ RunTime:0.000175s ]
INFO: Run Behavior\ParseTemplateBehavior [ RunTime:0.045819s ]
INFO: [ view_parse ] --END-- [ RunTime:0.045920s ]
INFO: [ view_filter ] --START--
INFO: Run Behavior\WriteHtmlCacheBehavior [ RunTime:0.001131s ]
INFO: [ view_filter ] --END-- [ RunTime:0.001191s ]
INFO: [ app_end ] --START--
INFO: Run Behavior\ShowPageTraceBehavior [ RunTime:0.001918s ]
INFO: [ app_end ] --END-- [ RunTime:0.002005s ]

[ 2016-12-15T19:22:28+08:00 ] ::1 /tourist/index.php/Home/Travel/getroutes/kinds/5.html
INFO: [ app_init ] --START--
INFO: Run Behavior\BuildLiteBehavior [ RunTime:0.000033s ]
INFO: [ app_init ] --END-- [ RunTime:0.001435s ]
INFO: [ app_begin ] --START--
INFO: Run Behavior\ReadHtmlCacheBehavior [ RunTime:0.001637s ]
INFO: [ app_begin ] --END-- [ RunTime:0.001756s ]
SQL: SHOW COLUMNS FROM `routes` [ RunTime:0.0105s ]
SQL: SELECT `id`,`name`,`traveldesc`,`price`,`daynumber`,`traffic`,`livedesc`,`fooddesc`,`liveimg`,`kinds`,`image`,`selectnumber`,`daytimes`,`updatetime` FROM `routes` WHERE `kinds` = 5  [ RunTime:0.0010s ]
INFO: [ app_end ] --START--
INFO: Run Behavior\ShowPageTraceBehavior [ RunTime:0.001885s ]
INFO: [ app_end ] --END-- [ RunTime:0.001991s ]

[ 2016-12-15T19:22:28+08:00 ] ::1 /tourist/index.php/Home/Travel/getmost/kinds/5.html
INFO: [ app_init ] --START--
INFO: Run Behavior\BuildLiteBehavior [ RunTime:0.000026s ]
INFO: [ app_init ] --END-- [ RunTime:0.001311s ]
INFO: [ app_begin ] --START--
INFO: Run Behavior\ReadHtmlCacheBehavior [ RunTime:0.002356s ]
INFO: [ app_begin ] --END-- [ RunTime:0.002449s ]
SQL: SHOW COLUMNS FROM `routes` [ RunTime:0.0094s ]
SQL: SELECT `id`,`name`,`traveldesc`,`price`,`daynumber`,`traffic`,`livedesc`,`fooddesc`,`liveimg`,`kinds`,`image`,`selectnumber`,`daytimes`,`updatetime` FROM `routes` WHERE `kinds` = 5 ORDER BY selectnumber desc LIMIT 3   [ RunTime:0.0010s ]
INFO: [ app_end ] --START--
INFO: Run Behavior\ShowPageTraceBehavior [ RunTime:0.001809s ]
INFO: [ app_end ] --END-- [ RunTime:0.001879s ]

[ 2016-12-15T19:22:30+08:00 ] ::1 /tourist/index.php/Home/select/index/routeid/29
INFO: [ app_init ] --START--
INFO: Run Behavior\BuildLiteBehavior [ RunTime:0.000035s ]
INFO: [ app_init ] --END-- [ RunTime:0.002744s ]
INFO: [ app_begin ] --START--
INFO: Run Behavior\ReadHtmlCacheBehavior [ RunTime:0.002971s ]
INFO: [ app_begin ] --END-- [ RunTime:0.003120s ]

[ 2016-12-15T19:22:33+08:00 ] ::1 /tourist/index.php/Home/Travel/getmost/kinds/5.html
INFO: [ app_init ] --START--
INFO: Run Behavior\BuildLiteBehavior [ RunTime:0.000056s ]
INFO: [ app_init ] --END-- [ RunTime:0.003301s ]
INFO: [ app_begin ] --START--
INFO: Run Behavior\ReadHtmlCacheBehavior [ RunTime:0.003278s ]
INFO: [ app_begin ] --END-- [ RunTime:0.003438s ]
SQL: SHOW COLUMNS FROM `routes` [ RunTime:0.0123s ]
SQL: SELECT `id`,`name`,`traveldesc`,`price`,`daynumber`,`traffic`,`livedesc`,`fooddesc`,`liveimg`,`kinds`,`image`,`selectnumber`,`daytimes`,`updatetime` FROM `routes` WHERE `kinds` = 5 ORDER BY selectnumber desc LIMIT 3   [ RunTime:0.0009s ]
INFO: [ app_end ] --START--
INFO: Run Behavior\ShowPageTraceBehavior [ RunTime:0.002663s ]
INFO: [ app_end ] --END-- [ RunTime:0.002806s ]

[ 2016-12-15T19:22:34+08:00 ] ::1 /tourist/index.php/Home/Travel/getroutes/kinds/5.html
INFO: [ app_init ] --START--
INFO: Run Behavior\BuildLiteBehavior [ RunTime:0.000042s ]
INFO: [ app_init ] --END-- [ RunTime:0.004068s ]
INFO: [ app_begin ] --START--
INFO: Run Behavior\ReadHtmlCacheBehavior [ RunTime:0.003586s ]
INFO: [ app_begin ] --END-- [ RunTime:0.003732s ]
SQL: SHOW COLUMNS FROM `routes` [ RunTime:0.0094s ]
SQL: SELECT `id`,`name`,`traveldesc`,`price`,`daynumber`,`traffic`,`livedesc`,`fooddesc`,`liveimg`,`kinds`,`image`,`selectnumber`,`daytimes`,`updatetime` FROM `routes` WHERE `kinds` = 5  [ RunTime:0.0011s ]
INFO: [ app_end ] --START--
INFO: Run Behavior\ShowPageTraceBehavior [ RunTime:0.001299s ]
INFO: [ app_end ] --END-- [ RunTime:0.001382s ]

[ 2016-12-15T19:22:44+08:00 ] ::1 /tourist/index.php/Home/Travel/europe
INFO: [ app_init ] --START--
INFO: Run Behavior\BuildLiteBehavior [ RunTime:0.000028s ]
INFO: [ app_init ] --END-- [ RunTime:0.001104s ]
INFO: [ app_begin ] --START--
INFO: Run Behavior\ReadHtmlCacheBehavior [ RunTime:0.001423s ]
INFO: [ app_begin ] --END-- [ RunTime:0.001540s ]
INFO: [ view_parse ] --START--
INFO: [ template_filter ] --START--
INFO: Run Behavior\ContentReplaceBehavior [ RunTime:0.000138s ]
INFO: [ template_filter ] --END-- [ RunTime:0.000268s ]
INFO: Run Behavior\ParseTemplateBehavior [ RunTime:0.018023s ]
INFO: [ view_parse ] --END-- [ RunTime:0.018145s ]
INFO: [ view_filter ] --START--
INFO: Run Behavior\WriteHtmlCacheBehavior [ RunTime:0.000929s ]
INFO: [ view_filter ] --END-- [ RunTime:0.001051s ]
INFO: [ app_end ] --START--
INFO: Run Behavior\ShowPageTraceBehavior [ RunTime:0.001263s ]
INFO: [ app_end ] --END-- [ RunTime:0.001348s ]

[ 2016-12-15T19:22:45+08:00 ] ::1 /tourist/index.php/Home/Travel/getmost/kinds/5.html
INFO: [ app_init ] --START--
INFO: Run Behavior\BuildLiteBehavior [ RunTime:0.000028s ]
INFO: [ app_init ] --END-- [ RunTime:0.002147s ]
INFO: [ app_begin ] --START--
INFO: Run Behavior\ReadHtmlCacheBehavior [ RunTime:0.001150s ]
INFO: [ app_begin ] --END-- [ RunTime:0.001258s ]
SQL: SHOW COLUMNS FROM `routes` [ RunTime:0.0114s ]
SQL: SELECT `id`,`name`,`traveldesc`,`price`,`daynumber`,`traffic`,`livedesc`,`fooddesc`,`liveimg`,`kinds`,`image`,`selectnumber`,`daytimes`,`updatetime` FROM `routes` WHERE `kinds` = 5 ORDER BY selectnumber desc LIMIT 3   [ RunTime:0.0020s ]
INFO: [ app_end ] --START--
INFO: Run Behavior\ShowPageTraceBehavior [ RunTime:0.004671s ]
INFO: [ app_end ] --END-- [ RunTime:0.004825s ]

[ 2016-12-15T19:22:45+08:00 ] ::1 /tourist/index.php/Home/Travel/getroutes/kinds/5.html
INFO: [ app_init ] --START--
INFO: Run Behavior\BuildLiteBehavior [ RunTime:0.000036s ]
INFO: [ app_init ] --END-- [ RunTime:0.002004s ]
INFO: [ app_begin ] --START--
INFO: Run Behavior\ReadHtmlCacheBehavior [ RunTime:0.001827s ]
INFO: [ app_begin ] --END-- [ RunTime:0.001935s ]
SQL: SHOW COLUMNS FROM `routes` [ RunTime:0.0147s ]
SQL: SELECT `id`,`name`,`traveldesc`,`price`,`daynumber`,`traffic`,`livedesc`,`fooddesc`,`liveimg`,`kinds`,`image`,`selectnumber`,`daytimes`,`updatetime` FROM `routes` WHERE `kinds` = 5  [ RunTime:0.0013s ]
INFO: [ app_end ] --START--
INFO: Run Behavior\ShowPageTraceBehavior [ RunTime:0.001986s ]
INFO: [ app_end ] --END-- [ RunTime:0.002087s ]

[ 2016-12-15T19:22:49+08:00 ] ::1 /tourist/index.php/Home/select/index/routeid/22
INFO: [ app_init ] --START--
INFO: Run Behavior\BuildLiteBehavior [ RunTime:0.000026s ]
INFO: [ app_init ] --END-- [ RunTime:0.001143s ]
INFO: [ app_begin ] --START--
INFO: Run Behavior\ReadHtmlCacheBehavior [ RunTime:0.001249s ]
INFO: [ app_begin ] --END-- [ RunTime:0.001366s ]
INFO: [ view_parse ] --START--
INFO: [ template_filter ] --START--
INFO: Run Behavior\ContentReplaceBehavior [ RunTime:0.000344s ]
INFO: [ template_filter ] --END-- [ RunTime:0.000717s ]
INFO: Run Behavior\ParseTemplateBehavior [ RunTime:0.045477s ]
INFO: [ view_parse ] --END-- [ RunTime:0.045800s ]
INFO: [ view_filter ] --START--
INFO: Run Behavior\WriteHtmlCacheBehavior [ RunTime:0.001163s ]
INFO: [ view_filter ] --END-- [ RunTime:0.001253s ]
INFO: [ app_end ] --START--
INFO: Run Behavior\ShowPageTraceBehavior [ RunTime:0.003381s ]
INFO: [ app_end ] --END-- [ RunTime:0.003631s ]

[ 2016-12-15T19:22:50+08:00 ] ::1 /tourist/index.php/Home/Select/getroutemsg?routeid=22
INFO: [ app_init ] --START--
INFO: Run Behavior\BuildLiteBehavior [ RunTime:0.000030s ]
INFO: [ app_init ] --END-- [ RunTime:0.001298s ]
INFO: [ app_begin ] --START--
INFO: Run Behavior\ReadHtmlCacheBehavior [ RunTime:0.001211s ]
INFO: [ app_begin ] --END-- [ RunTime:0.001318s ]
SQL: SHOW COLUMNS FROM `routes` [ RunTime:0.0119s ]
SQL: SELECT `id`,`name`,`traveldesc`,`price`,`daynumber`,`traffic`,`livedesc`,`fooddesc`,`liveimg`,`kinds`,`image`,`selectnumber`,`daytimes`,`updatetime` FROM `routes` WHERE `id` = 22  [ RunTime:0.0013s ]
INFO: [ app_end ] --START--
INFO: Run Behavior\ShowPageTraceBehavior [ RunTime:0.002672s ]
INFO: [ app_end ] --END-- [ RunTime:0.002889s ]

[ 2016-12-15T19:22:50+08:00 ] ::1 /tourist/index.php/Home/Select/getschemsg?routeid=22
INFO: [ app_init ] --START--
INFO: Run Behavior\BuildLiteBehavior [ RunTime:0.000030s ]
INFO: [ app_init ] --END-- [ RunTime:0.002783s ]
INFO: [ app_begin ] --START--
INFO: Run Behavior\ReadHtmlCacheBehavior [ RunTime:0.002379s ]
INFO: [ app_begin ] --END-- [ RunTime:0.002590s ]
SQL: SHOW COLUMNS FROM `schedule` [ RunTime:0.0128s ]
SQL: SELECT `id`,`routeid`,`daynumber`,`travelimg`,`traveldesc` FROM `schedule` WHERE `routeid` = 22  [ RunTime:0.0016s ]
INFO: [ app_end ] --START--
INFO: Run Behavior\ShowPageTraceBehavior [ RunTime:0.003005s ]
INFO: [ app_end ] --END-- [ RunTime:0.003119s ]

